::1 - - [13/Apr/2022:18:46:28 +0200] "GET /index.php HTTP/1.1" 200 21848
::1 - - [13/Apr/2022:18:46:28 +0200] "GET /assets/css/fonts.css HTTP/1.1" 200 58
127.0.0.1 - - [13/Apr/2022:18:46:28 +0200] "GET /assets/css/templatemo-training-studio.css HTTP/1.1" 200 25479
127.0.0.1 - - [13/Apr/2022:18:46:28 +0200] "GET /assets/js/jquery-2.1.0.min.js HTTP/1.1" 200 83617
127.0.0.1 - - [13/Apr/2022:18:46:28 +0200] "GET /assets/js/popper.js HTTP/1.1" 200 83672
::1 - - [13/Apr/2022:18:46:28 +0200] "GET /assets/js/bootstrap.min.js HTTP/1.1" 200 58078
::1 - - [13/Apr/2022:18:46:28 +0200] "GET /assets/js/scrollreveal.min.js HTTP/1.1" 200 4572
::1 - - [13/Apr/2022:18:46:28 +0200] "GET /assets/js/waypoints.min.js HTTP/1.1" 200 8051
::1 - - [13/Apr/2022:18:46:28 +0200] "GET /assets/js/jquery.counterup.min.js HTTP/1.1" 200 1074
::1 - - [13/Apr/2022:18:46:28 +0200] "GET /assets/js/imgfix.min.js HTTP/1.1" 200 19796
::1 - - [13/Apr/2022:18:46:28 +0200] "GET /assets/js/mixitup.js HTTP/1.1" 200 89048
::1 - - [13/Apr/2022:18:46:28 +0200] "GET /assets/js/accordions.js HTTP/1.1" 200 485937
::1 - - [13/Apr/2022:18:46:28 +0200] "GET /assets/js/custom.js HTTP/1.1" 200 3568
::1 - - [13/Apr/2022:18:46:28 +0200] "GET /assets/images/line-dec.png HTTP/1.1" 200 143
::1 - - [13/Apr/2022:18:46:28 +0200] "GET /assets/images/tabs-first-icon.png HTTP/1.1" 200 1960
127.0.0.1 - - [13/Apr/2022:18:46:28 +0200] "GET /assets/images/max_kiskep.jpg HTTP/1.1" 200 239179
::1 - - [13/Apr/2022:18:46:34 +0200] "GET /index.php HTTP/1.1" 200 21848
::1 - - [13/Apr/2022:18:46:34 +0200] "GET /assets/css/fonts.css HTTP/1.1" 304 -
::1 - - [13/Apr/2022:18:46:34 +0200] "GET /assets/css/templatemo-training-studio.css HTTP/1.1" 304 -
::1 - - [13/Apr/2022:18:46:34 +0200] "GET /assets/js/jquery-2.1.0.min.js HTTP/1.1" 304 -
::1 - - [13/Apr/2022:18:46:34 +0200] "GET /assets/js/popper.js HTTP/1.1" 304 -
::1 - - [13/Apr/2022:18:46:34 +0200] "GET /assets/js/bootstrap.min.js HTTP/1.1" 304 -
::1 - - [13/Apr/2022:18:46:34 +0200] "GET /assets/js/scrollreveal.min.js HTTP/1.1" 304 -
::1 - - [13/Apr/2022:18:46:34 +0200] "GET /assets/js/waypoints.min.js HTTP/1.1" 304 -
::1 - - [13/Apr/2022:18:46:34 +0200] "GET /assets/js/jquery.counterup.min.js HTTP/1.1" 304 -
::1 - - [13/Apr/2022:18:46:34 +0200] "GET /assets/js/imgfix.min.js HTTP/1.1" 304 -
::1 - - [13/Apr/2022:18:46:34 +0200] "GET /assets/js/mixitup.js HTTP/1.1" 304 -
::1 - - [13/Apr/2022:18:46:34 +0200] "GET /assets/js/accordions.js HTTP/1.1" 304 -
::1 - - [13/Apr/2022:18:46:34 +0200] "GET /assets/js/custom.js HTTP/1.1" 304 -
::1 - - [13/Apr/2022:18:46:34 +0200] "GET /assets/images/line-dec.png HTTP/1.1" 304 -
::1 - - [13/Apr/2022:18:46:34 +0200] "GET /assets/images/tabs-first-icon.png HTTP/1.1" 304 -
::1 - - [13/Apr/2022:18:46:35 +0200] "GET /assets/images/max_kiskep.jpg HTTP/1.1" 200 239179
::1 - - [13/Apr/2022:18:46:35 +0200] "GET /assets/images/fukncionalis-edzes_kiskep.jpg HTTP/1.1" 200 244989
::1 - - [13/Apr/2022:18:46:35 +0200] "GET /assets/images/pilates_kiskep.jpg HTTP/1.1" 200 161938
::1 - - [13/Apr/2022:18:46:35 +0200] "GET /assets/images/aerobic_kiskep.jpg HTTP/1.1" 200 241641
::1 - - [13/Apr/2022:18:46:35 +0200] "GET /assets/images/palzsuzsa.jpg HTTP/1.1" 200 256016
::1 - - [13/Apr/2022:18:46:35 +0200] "GET /assets/images/second-trainer.jpg HTTP/1.1" 200 20612
::1 - - [13/Apr/2022:18:46:35 +0200] "GET /assets/images/orsai.jpg HTTP/1.1" 200 85831
::1 - - [13/Apr/2022:18:46:35 +0200] "GET /assets/images/cta-bg.jpg HTTP/1.1" 200 40995
::1 - - [13/Apr/2022:18:46:35 +0200] "GET /assets/images/schedule-bg.jpg HTTP/1.1" 200 62864
::1 - - [13/Apr/2022:18:46:35 +0200] "GET /assets/images/contact-bg.jpg HTTP/1.1" 200 26888
::1 - - [13/Apr/2022:18:46:35 +0200] "GET /assets/images/logo.jpg HTTP/1.1" 200 4279
::1 - - [13/Apr/2022:18:46:38 +0200] "GET /login.php HTTP/1.1" 200 5007
::1 - - [13/Apr/2022:18:46:38 +0200] "GET /assets/css/formStyle.css HTTP/1.1" 200 3726
::1 - - [13/Apr/2022:18:46:45 +0200] "POST /login.php HTTP/1.1" 200 173
::1 - - [13/Apr/2022:18:46:45 +0200] "GET /favicon.ico HTTP/1.1" 404 298
::1 - - [13/Apr/2022:18:46:49 +0200] "GET /login.php HTTP/1.1" 200 5007
::1 - - [13/Apr/2022:18:46:54 +0200] "POST /login.php HTTP/1.1" 200 25
::1 - - [13/Apr/2022:18:46:56 +0200] "GET /login.php HTTP/1.1" 200 5007
::1 - - [13/Apr/2022:18:47:08 +0200] "POST /login.php HTTP/1.1" 200 25
::1 - - [13/Apr/2022:18:47:10 +0200] "GET /login.php HTTP/1.1" 200 5007
::1 - - [13/Apr/2022:18:47:22 +0200] "GET /register.php HTTP/1.1" 200 5973
::1 - - [13/Apr/2022:18:47:22 +0200] "GET /assets/css/templatemo-training-studio.css HTTP/1.1" 304 -
::1 - - [13/Apr/2022:18:47:22 +0200] "GET /assets/css/formStyle.css HTTP/1.1" 304 -
::1 - - [13/Apr/2022:18:47:22 +0200] "GET /assets/js/jquery-2.1.0.min.js HTTP/1.1" 304 -
::1 - - [13/Apr/2022:18:47:22 +0200] "GET /assets/js/popper.js HTTP/1.1" 304 -
::1 - - [13/Apr/2022:18:47:22 +0200] "GET /assets/js/bootstrap.min.js HTTP/1.1" 304 -
::1 - - [13/Apr/2022:18:47:22 +0200] "GET /assets/js/scrollreveal.min.js HTTP/1.1" 304 -
::1 - - [13/Apr/2022:18:47:22 +0200] "GET /assets/js/waypoints.min.js HTTP/1.1" 304 -
::1 - - [13/Apr/2022:18:47:22 +0200] "GET /assets/js/jquery.counterup.min.js HTTP/1.1" 304 -
::1 - - [13/Apr/2022:18:47:22 +0200] "GET /assets/js/imgfix.min.js HTTP/1.1" 304 -
::1 - - [13/Apr/2022:18:47:22 +0200] "GET /assets/js/mixitup.js HTTP/1.1" 304 -
::1 - - [13/Apr/2022:18:47:22 +0200] "GET /assets/js/accordions.js HTTP/1.1" 304 -
::1 - - [13/Apr/2022:18:47:22 +0200] "GET /assets/js/custom.js HTTP/1.1" 304 -
::1 - - [13/Apr/2022:18:47:29 +0200] "POST /register.php HTTP/1.1" 302 5985
::1 - - [13/Apr/2022:18:47:29 +0200] "GET /index.php HTTP/1.1" 200 21918
::1 - - [13/Apr/2022:18:47:29 +0200] "GET /assets/css/fonts.css HTTP/1.1" 304 -
::1 - - [13/Apr/2022:18:47:29 +0200] "GET /assets/images/line-dec.png HTTP/1.1" 304 -
::1 - - [13/Apr/2022:18:47:29 +0200] "GET /assets/images/tabs-first-icon.png HTTP/1.1" 304 -
::1 - - [13/Apr/2022:18:47:29 +0200] "GET /assets/images/max_kiskep.jpg HTTP/1.1" 304 -
::1 - - [13/Apr/2022:18:47:29 +0200] "GET /assets/images/fukncionalis-edzes_kiskep.jpg HTTP/1.1" 304 -
::1 - - [13/Apr/2022:18:47:29 +0200] "GET /assets/images/pilates_kiskep.jpg HTTP/1.1" 304 -
::1 - - [13/Apr/2022:18:47:29 +0200] "GET /assets/images/aerobic_kiskep.jpg HTTP/1.1" 304 -
::1 - - [13/Apr/2022:18:47:29 +0200] "GET /assets/images/palzsuzsa.jpg HTTP/1.1" 304 -
::1 - - [13/Apr/2022:18:47:29 +0200] "GET /assets/images/second-trainer.jpg HTTP/1.1" 304 -
::1 - - [13/Apr/2022:18:47:29 +0200] "GET /assets/images/orsai.jpg HTTP/1.1" 304 -
::1 - - [13/Apr/2022:18:47:29 +0200] "GET /assets/images/cta-bg.jpg HTTP/1.1" 304 -
::1 - - [13/Apr/2022:18:47:29 +0200] "GET /assets/images/schedule-bg.jpg HTTP/1.1" 304 -
::1 - - [13/Apr/2022:18:47:29 +0200] "GET /assets/images/contact-bg.jpg HTTP/1.1" 304 -
::1 - - [13/Apr/2022:18:47:35 +0200] "GET /login.php HTTP/1.1" 200 5007
::1 - - [13/Apr/2022:18:47:35 +0200] "GET /assets/css/templatemo-training-studio.css HTTP/1.1" 304 -
::1 - - [13/Apr/2022:18:47:35 +0200] "GET /assets/css/formStyle.css HTTP/1.1" 304 -
::1 - - [13/Apr/2022:18:47:35 +0200] "GET /assets/js/jquery-2.1.0.min.js HTTP/1.1" 304 -
::1 - - [13/Apr/2022:18:47:35 +0200] "GET /assets/js/popper.js HTTP/1.1" 304 -
::1 - - [13/Apr/2022:18:47:35 +0200] "GET /assets/js/bootstrap.min.js HTTP/1.1" 304 -
::1 - - [13/Apr/2022:18:47:35 +0200] "GET /assets/js/scrollreveal.min.js HTTP/1.1" 304 -
::1 - - [13/Apr/2022:18:47:35 +0200] "GET /assets/js/waypoints.min.js HTTP/1.1" 304 -
::1 - - [13/Apr/2022:18:47:35 +0200] "GET /assets/js/jquery.counterup.min.js HTTP/1.1" 304 -
::1 - - [13/Apr/2022:18:47:35 +0200] "GET /assets/js/imgfix.min.js HTTP/1.1" 304 -
::1 - - [13/Apr/2022:18:47:35 +0200] "GET /assets/js/mixitup.js HTTP/1.1" 304 -
::1 - - [13/Apr/2022:18:47:35 +0200] "GET /assets/js/accordions.js HTTP/1.1" 304 -
::1 - - [13/Apr/2022:18:47:35 +0200] "GET /assets/js/custom.js HTTP/1.1" 304 -
::1 - - [13/Apr/2022:18:47:39 +0200] "POST /login.php HTTP/1.1" 200 25
::1 - - [13/Apr/2022:18:49:36 +0200] "GET / HTTP/1.1" 200 21918
::1 - - [13/Apr/2022:18:49:36 +0200] "GET /assets/css/fonts.css HTTP/1.1" 304 -
::1 - - [13/Apr/2022:18:49:36 +0200] "GET /assets/css/templatemo-training-studio.css HTTP/1.1" 304 -
::1 - - [13/Apr/2022:18:49:36 +0200] "GET /assets/js/jquery-2.1.0.min.js HTTP/1.1" 304 -
::1 - - [13/Apr/2022:18:49:36 +0200] "GET /assets/js/popper.js HTTP/1.1" 304 -
::1 - - [13/Apr/2022:18:49:36 +0200] "GET /assets/js/bootstrap.min.js HTTP/1.1" 304 -
::1 - - [13/Apr/2022:18:49:36 +0200] "GET /assets/js/scrollreveal.min.js HTTP/1.1" 304 -
::1 - - [13/Apr/2022:18:49:36 +0200] "GET /assets/js/waypoints.min.js HTTP/1.1" 304 -
::1 - - [13/Apr/2022:18:49:36 +0200] "GET /assets/js/jquery.counterup.min.js HTTP/1.1" 304 -
::1 - - [13/Apr/2022:18:49:36 +0200] "GET /assets/js/imgfix.min.js HTTP/1.1" 304 -
::1 - - [13/Apr/2022:18:49:36 +0200] "GET /assets/js/mixitup.js HTTP/1.1" 304 -
::1 - - [13/Apr/2022:18:49:36 +0200] "GET /assets/js/accordions.js HTTP/1.1" 304 -
::1 - - [13/Apr/2022:18:49:36 +0200] "GET /assets/js/custom.js HTTP/1.1" 304 -
::1 - - [13/Apr/2022:18:49:36 +0200] "GET /assets/images/line-dec.png HTTP/1.1" 304 -
::1 - - [13/Apr/2022:18:49:36 +0200] "GET /assets/images/tabs-first-icon.png HTTP/1.1" 304 -
::1 - - [13/Apr/2022:18:49:36 +0200] "GET /assets/images/max_kiskep.jpg HTTP/1.1" 304 -
::1 - - [13/Apr/2022:18:49:36 +0200] "GET /assets/images/fukncionalis-edzes_kiskep.jpg HTTP/1.1" 304 -
::1 - - [13/Apr/2022:18:49:37 +0200] "GET /assets/images/pilates_kiskep.jpg HTTP/1.1" 304 -
::1 - - [13/Apr/2022:18:49:37 +0200] "GET /assets/images/aerobic_kiskep.jpg HTTP/1.1" 304 -
::1 - - [13/Apr/2022:18:49:37 +0200] "GET /assets/images/palzsuzsa.jpg HTTP/1.1" 304 -
::1 - - [13/Apr/2022:18:49:37 +0200] "GET /assets/images/second-trainer.jpg HTTP/1.1" 304 -
::1 - - [13/Apr/2022:18:49:37 +0200] "GET /assets/images/orsai.jpg HTTP/1.1" 304 -
::1 - - [13/Apr/2022:18:49:37 +0200] "GET /assets/images/cta-bg.jpg HTTP/1.1" 304 -
::1 - - [13/Apr/2022:18:49:37 +0200] "GET /assets/images/schedule-bg.jpg HTTP/1.1" 304 -
::1 - - [13/Apr/2022:18:49:37 +0200] "GET /assets/images/contact-bg.jpg HTTP/1.1" 304 -
::1 - - [13/Apr/2022:18:49:48 +0200] "GET / HTTP/1.1" 200 21848
::1 - - [13/Apr/2022:18:49:48 +0200] "GET /assets/css/templatemo-training-studio.css HTTP/1.1" 200 25479
::1 - - [13/Apr/2022:18:49:48 +0200] "GET /assets/css/fonts.css HTTP/1.1" 200 58
::1 - - [13/Apr/2022:18:49:48 +0200] "GET /assets/js/jquery-2.1.0.min.js HTTP/1.1" 200 83617
::1 - - [13/Apr/2022:18:49:48 +0200] "GET /assets/js/popper.js HTTP/1.1" 200 83672
::1 - - [13/Apr/2022:18:49:48 +0200] "GET /assets/js/bootstrap.min.js HTTP/1.1" 200 58078
::1 - - [13/Apr/2022:18:49:48 +0200] "GET /assets/js/scrollreveal.min.js HTTP/1.1" 200 4572
::1 - - [13/Apr/2022:18:49:48 +0200] "GET /assets/js/waypoints.min.js HTTP/1.1" 200 8051
::1 - - [13/Apr/2022:18:49:48 +0200] "GET /assets/js/jquery.counterup.min.js HTTP/1.1" 200 1074
::1 - - [13/Apr/2022:18:49:48 +0200] "GET /assets/js/imgfix.min.js HTTP/1.1" 200 19796
::1 - - [13/Apr/2022:18:49:48 +0200] "GET /assets/js/mixitup.js HTTP/1.1" 200 89048
::1 - - [13/Apr/2022:18:49:48 +0200] "GET /assets/js/accordions.js HTTP/1.1" 200 485937
::1 - - [13/Apr/2022:18:49:48 +0200] "GET /assets/js/custom.js HTTP/1.1" 200 3568
::1 - - [13/Apr/2022:18:49:48 +0200] "GET /assets/images/line-dec.png HTTP/1.1" 200 143
::1 - - [13/Apr/2022:18:49:48 +0200] "GET /assets/images/max_kiskep.jpg HTTP/1.1" 200 239179
::1 - - [13/Apr/2022:18:49:48 +0200] "GET /assets/images/tabs-first-icon.png HTTP/1.1" 200 1960
::1 - - [13/Apr/2022:18:49:48 +0200] "GET /assets/images/fukncionalis-edzes_kiskep.jpg HTTP/1.1" 200 244989
::1 - - [13/Apr/2022:18:49:48 +0200] "GET /assets/images/pilates_kiskep.jpg HTTP/1.1" 200 161938
::1 - - [13/Apr/2022:18:49:48 +0200] "GET /assets/images/aerobic_kiskep.jpg HTTP/1.1" 200 241641
::1 - - [13/Apr/2022:18:49:48 +0200] "GET /assets/images/palzsuzsa.jpg HTTP/1.1" 200 256016
::1 - - [13/Apr/2022:18:49:48 +0200] "GET /assets/images/second-trainer.jpg HTTP/1.1" 200 20612
::1 - - [13/Apr/2022:18:49:48 +0200] "GET /assets/images/orsai.jpg HTTP/1.1" 200 85831
::1 - - [13/Apr/2022:18:49:48 +0200] "GET /assets/images/boxos.mp4 HTTP/1.1" 206 1048576
::1 - - [13/Apr/2022:18:49:48 +0200] "GET /assets/images/cta-bg.jpg HTTP/1.1" 200 40995
::1 - - [13/Apr/2022:18:49:48 +0200] "GET /assets/images/schedule-bg.jpg HTTP/1.1" 200 62864
::1 - - [13/Apr/2022:18:49:48 +0200] "GET /assets/images/contact-bg.jpg HTTP/1.1" 200 26888
::1 - - [13/Apr/2022:18:49:48 +0200] "GET /assets/images/boxos.mp4 HTTP/1.1" 206 26105667
::1 - - [13/Apr/2022:18:49:49 +0200] "GET /assets/images/logo.jpg HTTP/1.1" 200 4279
::1 - - [13/Apr/2022:18:49:51 +0200] "GET /login.php HTTP/1.1" 200 5007
::1 - - [13/Apr/2022:18:49:51 +0200] "GET /assets/css/formStyle.css HTTP/1.1" 200 3726
::1 - - [13/Apr/2022:18:49:54 +0200] "POST /login.php HTTP/1.1" 302 5007
::1 - - [13/Apr/2022:18:49:54 +0200] "GET /index.php HTTP/1.1" 200 22385
::1 - - [13/Apr/2022:18:50:01 +0200] "GET /profile.php HTTP/1.1" 200 6512
::1 - - [13/Apr/2022:18:50:03 +0200] "GET /profileEdit.php HTTP/1.1" 200 5021
::1 - - [13/Apr/2022:18:50:05 +0200] "GET /profile.php HTTP/1.1" 200 6512
::1 - - [13/Apr/2022:18:52:08 +0200] "GET /profile.php HTTP/1.1" 200 6512
::1 - - [13/Apr/2022:18:52:08 +0200] "GET /assets/css/templatemo-training-studio.css HTTP/1.1" 304 -
::1 - - [13/Apr/2022:18:52:08 +0200] "GET /assets/css/formStyle.css HTTP/1.1" 304 -
::1 - - [13/Apr/2022:18:52:08 +0200] "GET /assets/images/logo.jpg HTTP/1.1" 304 -
::1 - - [13/Apr/2022:18:52:09 +0200] "GET /profile.php HTTP/1.1" 200 6512
::1 - - [13/Apr/2022:18:52:09 +0200] "GET /profile.php HTTP/1.1" 200 6512
::1 - - [13/Apr/2022:18:52:10 +0200] "GET /profile.php HTTP/1.1" 200 6512
::1 - - [13/Apr/2022:18:52:10 +0200] "GET /profile.php HTTP/1.1" 200 6512
::1 - - [13/Apr/2022:18:52:10 +0200] "GET /index.php HTTP/1.1" 200 22385
::1 - - [13/Apr/2022:18:52:10 +0200] "GET /assets/css/fonts.css HTTP/1.1" 304 -
::1 - - [13/Apr/2022:18:52:10 +0200] "GET /assets/js/jquery-2.1.0.min.js HTTP/1.1" 304 -
::1 - - [13/Apr/2022:18:52:10 +0200] "GET /assets/js/popper.js HTTP/1.1" 304 -
::1 - - [13/Apr/2022:18:52:10 +0200] "GET /assets/js/bootstrap.min.js HTTP/1.1" 304 -
::1 - - [13/Apr/2022:18:52:10 +0200] "GET /assets/js/scrollreveal.min.js HTTP/1.1" 304 -
::1 - - [13/Apr/2022:18:52:10 +0200] "GET /assets/js/jquery.counterup.min.js HTTP/1.1" 304 -
::1 - - [13/Apr/2022:18:52:10 +0200] "GET /assets/js/waypoints.min.js HTTP/1.1" 304 -
::1 - - [13/Apr/2022:18:52:10 +0200] "GET /assets/js/imgfix.min.js HTTP/1.1" 304 -
::1 - - [13/Apr/2022:18:52:10 +0200] "GET /assets/js/mixitup.js HTTP/1.1" 304 -
::1 - - [13/Apr/2022:18:52:10 +0200] "GET /assets/js/accordions.js HTTP/1.1" 304 -
::1 - - [13/Apr/2022:18:52:10 +0200] "GET /assets/js/custom.js HTTP/1.1" 304 -
::1 - - [13/Apr/2022:18:52:10 +0200] "GET /assets/images/line-dec.png HTTP/1.1" 304 -
::1 - - [13/Apr/2022:18:52:10 +0200] "GET /assets/images/tabs-first-icon.png HTTP/1.1" 304 -
::1 - - [13/Apr/2022:18:52:10 +0200] "GET /assets/images/max_kiskep.jpg HTTP/1.1" 304 -
::1 - - [13/Apr/2022:18:52:10 +0200] "GET /assets/images/pilates_kiskep.jpg HTTP/1.1" 304 -
::1 - - [13/Apr/2022:18:52:10 +0200] "GET /assets/images/fukncionalis-edzes_kiskep.jpg HTTP/1.1" 304 -
::1 - - [13/Apr/2022:18:52:10 +0200] "GET /assets/images/aerobic_kiskep.jpg HTTP/1.1" 304 -
::1 - - [13/Apr/2022:18:52:10 +0200] "GET /assets/images/palzsuzsa.jpg HTTP/1.1" 304 -
::1 - - [13/Apr/2022:18:52:10 +0200] "GET /assets/images/second-trainer.jpg HTTP/1.1" 304 -
::1 - - [13/Apr/2022:18:52:10 +0200] "GET /assets/images/orsai.jpg HTTP/1.1" 304 -
::1 - - [13/Apr/2022:18:52:10 +0200] "GET /assets/images/cta-bg.jpg HTTP/1.1" 304 -
::1 - - [13/Apr/2022:18:52:10 +0200] "GET /assets/images/schedule-bg.jpg HTTP/1.1" 304 -
::1 - - [13/Apr/2022:18:52:10 +0200] "GET /assets/images/contact-bg.jpg HTTP/1.1" 304 -
::1 - - [13/Apr/2022:18:52:10 +0200] "GET /assets/images/boxos.mp4 HTTP/1.1" 206 26105667
::1 - - [13/Apr/2022:18:52:12 +0200] "GET /index.php HTTP/1.1" 200 22385
::1 - - [13/Apr/2022:18:52:12 +0200] "GET /assets/css/fonts.css HTTP/1.1" 200 58
::1 - - [13/Apr/2022:18:52:12 +0200] "GET /assets/css/templatemo-training-studio.css HTTP/1.1" 200 25479
::1 - - [13/Apr/2022:18:52:12 +0200] "GET /assets/js/jquery-2.1.0.min.js HTTP/1.1" 200 83617
::1 - - [13/Apr/2022:18:52:12 +0200] "GET /assets/js/popper.js HTTP/1.1" 200 83672
::1 - - [13/Apr/2022:18:52:12 +0200] "GET /assets/js/bootstrap.min.js HTTP/1.1" 200 58078
::1 - - [13/Apr/2022:18:52:12 +0200] "GET /assets/js/scrollreveal.min.js HTTP/1.1" 200 4572
::1 - - [13/Apr/2022:18:52:12 +0200] "GET /assets/js/waypoints.min.js HTTP/1.1" 200 8051
::1 - - [13/Apr/2022:18:52:12 +0200] "GET /assets/js/jquery.counterup.min.js HTTP/1.1" 200 1074
::1 - - [13/Apr/2022:18:52:12 +0200] "GET /assets/js/imgfix.min.js HTTP/1.1" 200 19796
::1 - - [13/Apr/2022:18:52:12 +0200] "GET /assets/js/mixitup.js HTTP/1.1" 200 89048
::1 - - [13/Apr/2022:18:52:12 +0200] "GET /assets/js/accordions.js HTTP/1.1" 200 485937
::1 - - [13/Apr/2022:18:52:12 +0200] "GET /assets/js/custom.js HTTP/1.1" 200 3568
::1 - - [13/Apr/2022:18:52:12 +0200] "GET /assets/images/line-dec.png HTTP/1.1" 200 143
::1 - - [13/Apr/2022:18:52:12 +0200] "GET /assets/images/tabs-first-icon.png HTTP/1.1" 200 1960
::1 - - [13/Apr/2022:18:52:12 +0200] "GET /assets/images/max_kiskep.jpg HTTP/1.1" 200 239179
::1 - - [13/Apr/2022:18:52:12 +0200] "GET /assets/images/fukncionalis-edzes_kiskep.jpg HTTP/1.1" 200 244989
::1 - - [13/Apr/2022:18:52:12 +0200] "GET /assets/images/pilates_kiskep.jpg HTTP/1.1" 200 161938
::1 - - [13/Apr/2022:18:52:12 +0200] "GET /assets/images/aerobic_kiskep.jpg HTTP/1.1" 200 241641
::1 - - [13/Apr/2022:18:52:12 +0200] "GET /assets/images/palzsuzsa.jpg HTTP/1.1" 200 256016
::1 - - [13/Apr/2022:18:52:12 +0200] "GET /assets/images/second-trainer.jpg HTTP/1.1" 200 20612
::1 - - [13/Apr/2022:18:52:12 +0200] "GET /assets/images/orsai.jpg HTTP/1.1" 200 85831
::1 - - [13/Apr/2022:18:52:12 +0200] "GET /assets/images/cta-bg.jpg HTTP/1.1" 200 40995
::1 - - [13/Apr/2022:18:52:12 +0200] "GET /assets/images/schedule-bg.jpg HTTP/1.1" 200 62864
::1 - - [13/Apr/2022:18:52:12 +0200] "GET /assets/images/contact-bg.jpg HTTP/1.1" 200 26888
::1 - - [13/Apr/2022:18:52:12 +0200] "GET /assets/images/logo.jpg HTTP/1.1" 200 4279
::1 - - [13/Apr/2022:18:52:49 +0200] "GET /assets/js/popper.js.map HTTP/1.1" 404 298
::1 - - [13/Apr/2022:18:52:49 +0200] "GET /assets/js/bootstrap.min.js.map HTTP/1.1" 404 298
::1 - - [13/Apr/2022:18:53:42 +0200] "GET /index.php HTTP/1.1" 200 21917
::1 - - [13/Apr/2022:18:53:42 +0200] "GET /assets/css/fonts.css HTTP/1.1" 304 -
::1 - - [13/Apr/2022:18:53:42 +0200] "GET /assets/css/templatemo-training-studio.css HTTP/1.1" 304 -
::1 - - [13/Apr/2022:18:53:42 +0200] "GET /assets/js/jquery-2.1.0.min.js HTTP/1.1" 304 -
::1 - - [13/Apr/2022:18:53:42 +0200] "GET /assets/js/popper.js HTTP/1.1" 304 -
::1 - - [13/Apr/2022:18:53:42 +0200] "GET /assets/js/bootstrap.min.js HTTP/1.1" 304 -
::1 - - [13/Apr/2022:18:53:42 +0200] "GET /assets/js/scrollreveal.min.js HTTP/1.1" 304 -
::1 - - [13/Apr/2022:18:53:42 +0200] "GET /assets/js/waypoints.min.js HTTP/1.1" 304 -
::1 - - [13/Apr/2022:18:53:42 +0200] "GET /assets/js/jquery.counterup.min.js HTTP/1.1" 304 -
::1 - - [13/Apr/2022:18:53:42 +0200] "GET /assets/js/imgfix.min.js HTTP/1.1" 304 -
::1 - - [13/Apr/2022:18:53:42 +0200] "GET /assets/js/mixitup.js HTTP/1.1" 304 -
::1 - - [13/Apr/2022:18:53:42 +0200] "GET /assets/js/accordions.js HTTP/1.1" 304 -
::1 - - [13/Apr/2022:18:53:42 +0200] "GET /assets/js/custom.js HTTP/1.1" 304 -
::1 - - [13/Apr/2022:18:53:42 +0200] "GET /assets/images/line-dec.png HTTP/1.1" 304 -
::1 - - [13/Apr/2022:18:53:42 +0200] "GET /assets/images/tabs-first-icon.png HTTP/1.1" 304 -
::1 - - [13/Apr/2022:18:53:42 +0200] "GET /assets/images/max_kiskep.jpg HTTP/1.1" 304 -
::1 - - [13/Apr/2022:18:53:42 +0200] "GET /assets/images/fukncionalis-edzes_kiskep.jpg HTTP/1.1" 304 -
::1 - - [13/Apr/2022:18:53:43 +0200] "GET /assets/images/pilates_kiskep.jpg HTTP/1.1" 304 -
::1 - - [13/Apr/2022:18:53:43 +0200] "GET /assets/images/aerobic_kiskep.jpg HTTP/1.1" 304 -
::1 - - [13/Apr/2022:18:53:43 +0200] "GET /assets/images/palzsuzsa.jpg HTTP/1.1" 304 -
::1 - - [13/Apr/2022:18:53:43 +0200] "GET /assets/images/second-trainer.jpg HTTP/1.1" 304 -
::1 - - [13/Apr/2022:18:53:43 +0200] "GET /assets/images/orsai.jpg HTTP/1.1" 304 -
::1 - - [13/Apr/2022:18:53:43 +0200] "GET /assets/images/cta-bg.jpg HTTP/1.1" 304 -
::1 - - [13/Apr/2022:18:53:43 +0200] "GET /assets/images/schedule-bg.jpg HTTP/1.1" 304 -
::1 - - [13/Apr/2022:18:53:43 +0200] "GET /assets/images/contact-bg.jpg HTTP/1.1" 304 -
::1 - - [13/Apr/2022:18:53:43 +0200] "GET /assets/images/logo.png HTTP/1.1" 200 16481
::1 - - [13/Apr/2022:18:53:46 +0200] "GET /index.php HTTP/1.1" 200 21917
::1 - - [13/Apr/2022:18:55:03 +0200] "GET /index.php HTTP/1.1" 200 21970
::1 - - [13/Apr/2022:18:55:03 +0200] "GET /assets/css/fonts.css HTTP/1.1" 304 -
::1 - - [13/Apr/2022:18:55:03 +0200] "GET /assets/css/templatemo-training-studio.css HTTP/1.1" 304 -
::1 - - [13/Apr/2022:18:55:03 +0200] "GET /assets/js/jquery-2.1.0.min.js HTTP/1.1" 304 -
::1 - - [13/Apr/2022:18:55:03 +0200] "GET /assets/js/popper.js HTTP/1.1" 304 -
::1 - - [13/Apr/2022:18:55:04 +0200] "GET /assets/js/bootstrap.min.js HTTP/1.1" 304 -
::1 - - [13/Apr/2022:18:55:04 +0200] "GET /assets/js/scrollreveal.min.js HTTP/1.1" 304 -
::1 - - [13/Apr/2022:18:55:04 +0200] "GET /assets/js/waypoints.min.js HTTP/1.1" 304 -
::1 - - [13/Apr/2022:18:55:04 +0200] "GET /assets/js/jquery.counterup.min.js HTTP/1.1" 304 -
::1 - - [13/Apr/2022:18:55:04 +0200] "GET /assets/js/imgfix.min.js HTTP/1.1" 304 -
::1 - - [13/Apr/2022:18:55:04 +0200] "GET /assets/js/mixitup.js HTTP/1.1" 304 -
::1 - - [13/Apr/2022:18:55:04 +0200] "GET /assets/js/accordions.js HTTP/1.1" 304 -
::1 - - [13/Apr/2022:18:55:04 +0200] "GET /assets/js/custom.js HTTP/1.1" 304 -
::1 - - [13/Apr/2022:18:55:04 +0200] "GET /assets/images/line-dec.png HTTP/1.1" 304 -
::1 - - [13/Apr/2022:18:55:04 +0200] "GET /assets/images/tabs-first-icon.png HTTP/1.1" 304 -
::1 - - [13/Apr/2022:18:55:04 +0200] "GET /assets/images/max_kiskep.jpg HTTP/1.1" 304 -
::1 - - [13/Apr/2022:18:55:04 +0200] "GET /assets/images/fukncionalis-edzes_kiskep.jpg HTTP/1.1" 304 -
::1 - - [13/Apr/2022:18:55:04 +0200] "GET /assets/images/pilates_kiskep.jpg HTTP/1.1" 304 -
::1 - - [13/Apr/2022:18:55:04 +0200] "GET /assets/images/aerobic_kiskep.jpg HTTP/1.1" 304 -
::1 - - [13/Apr/2022:18:55:04 +0200] "GET /assets/images/palzsuzsa.jpg HTTP/1.1" 304 -
::1 - - [13/Apr/2022:18:55:04 +0200] "GET /assets/images/second-trainer.jpg HTTP/1.1" 304 -
::1 - - [13/Apr/2022:18:55:04 +0200] "GET /assets/images/orsai.jpg HTTP/1.1" 304 -
::1 - - [13/Apr/2022:18:55:04 +0200] "GET /assets/images/Fitness.png HTTP/1.1" 200 4854
::1 - - [13/Apr/2022:18:55:04 +0200] "GET /assets/images/contact-bg.jpg HTTP/1.1" 304 -
::1 - - [13/Apr/2022:18:55:04 +0200] "GET /assets/images/cta-bg.jpg HTTP/1.1" 304 -
::1 - - [13/Apr/2022:18:55:04 +0200] "GET /assets/images/schedule-bg.jpg HTTP/1.1" 304 -
::1 - - [13/Apr/2022:18:55:04 +0200] "GET /assets/images/logo.png HTTP/1.1" 304 -
::1 - - [13/Apr/2022:18:55:22 +0200] "GET /index.php HTTP/1.1" 200 22006
::1 - - [13/Apr/2022:18:55:22 +0200] "GET /assets/images/Vital.png HTTP/1.1" 200 5090
::1 - - [13/Apr/2022:18:55:22 +0200] "GET /assets/images/logo.png HTTP/1.1" 304 -
::1 - - [13/Apr/2022:18:56:00 +0200] "GET /index.php HTTP/1.1" 200 22078
::1 - - [13/Apr/2022:18:56:01 +0200] "GET /assets/css/fonts.css HTTP/1.1" 304 -
::1 - - [13/Apr/2022:18:56:01 +0200] "GET /assets/css/templatemo-training-studio.css HTTP/1.1" 304 -
::1 - - [13/Apr/2022:18:56:01 +0200] "GET /assets/js/jquery-2.1.0.min.js HTTP/1.1" 304 -
::1 - - [13/Apr/2022:18:56:01 +0200] "GET /assets/js/popper.js HTTP/1.1" 304 -
::1 - - [13/Apr/2022:18:56:01 +0200] "GET /assets/js/bootstrap.min.js HTTP/1.1" 304 -
::1 - - [13/Apr/2022:18:56:01 +0200] "GET /assets/js/scrollreveal.min.js HTTP/1.1" 304 -
::1 - - [13/Apr/2022:18:56:01 +0200] "GET /assets/js/waypoints.min.js HTTP/1.1" 304 -
::1 - - [13/Apr/2022:18:56:01 +0200] "GET /assets/js/jquery.counterup.min.js HTTP/1.1" 304 -
::1 - - [13/Apr/2022:18:56:01 +0200] "GET /assets/js/imgfix.min.js HTTP/1.1" 304 -
::1 - - [13/Apr/2022:18:56:01 +0200] "GET /assets/js/mixitup.js HTTP/1.1" 304 -
::1 - - [13/Apr/2022:18:56:01 +0200] "GET /assets/js/accordions.js HTTP/1.1" 304 -
::1 - - [13/Apr/2022:18:56:01 +0200] "GET /assets/js/custom.js HTTP/1.1" 304 -
::1 - - [13/Apr/2022:18:56:01 +0200] "GET /assets/images/line-dec.png HTTP/1.1" 304 -
::1 - - [13/Apr/2022:18:56:01 +0200] "GET /assets/images/tabs-first-icon.png HTTP/1.1" 304 -
::1 - - [13/Apr/2022:18:56:01 +0200] "GET /assets/images/max_kiskep.jpg HTTP/1.1" 304 -
::1 - - [13/Apr/2022:18:56:01 +0200] "GET /assets/images/fukncionalis-edzes_kiskep.jpg HTTP/1.1" 304 -
::1 - - [13/Apr/2022:18:56:01 +0200] "GET /assets/images/pilates_kiskep.jpg HTTP/1.1" 304 -
::1 - - [13/Apr/2022:18:56:01 +0200] "GET /assets/images/aerobic_kiskep.jpg HTTP/1.1" 304 -
::1 - - [13/Apr/2022:18:56:01 +0200] "GET /assets/images/palzsuzsa.jpg HTTP/1.1" 304 -
::1 - - [13/Apr/2022:18:56:01 +0200] "GET /assets/images/second-trainer.jpg HTTP/1.1" 304 -
::1 - - [13/Apr/2022:18:56:01 +0200] "GET /assets/images/orsai.jpg HTTP/1.1" 304 -
::1 - - [13/Apr/2022:18:56:01 +0200] "GET /assets/images/Fitness.png HTTP/1.1" 304 -
::1 - - [13/Apr/2022:18:56:01 +0200] "GET /assets/images/Vital.png HTTP/1.1" 304 -
::1 - - [13/Apr/2022:18:56:01 +0200] "GET /assets/images/cta-bg.jpg HTTP/1.1" 304 -
::1 - - [13/Apr/2022:18:56:01 +0200] "GET /assets/images/schedule-bg.jpg HTTP/1.1" 304 -
::1 - - [13/Apr/2022:18:56:01 +0200] "GET /assets/images/contact-bg.jpg HTTP/1.1" 304 -
::1 - - [13/Apr/2022:18:56:01 +0200] "GET /assets/images/logo.png HTTP/1.1" 304 -
::1 - - [13/Apr/2022:18:56:25 +0200] "GET /index.php HTTP/1.1" 200 22035
::1 - - [13/Apr/2022:18:56:26 +0200] "GET /assets/images/logo.png HTTP/1.1" 304 -
::1 - - [13/Apr/2022:18:56:34 +0200] "GET /index.php HTTP/1.1" 200 22035
::1 - - [13/Apr/2022:18:56:34 +0200] "GET /assets/images/Fitness.png HTTP/1.1" 304 -
::1 - - [13/Apr/2022:18:56:34 +0200] "GET /assets/images/Vital.png HTTP/1.1" 304 -
::1 - - [13/Apr/2022:18:56:55 +0200] "GET /index.php HTTP/1.1" 200 22056
::1 - - [13/Apr/2022:18:56:55 +0200] "GET /assets/images/logo.png HTTP/1.1" 304 -
::1 - - [13/Apr/2022:18:57:11 +0200] "GET /index.php HTTP/1.1" 200 22054
::1 - - [13/Apr/2022:18:57:11 +0200] "GET /assets/css/fonts.css HTTP/1.1" 304 -
::1 - - [13/Apr/2022:18:57:11 +0200] "GET /assets/css/templatemo-training-studio.css HTTP/1.1" 304 -
::1 - - [13/Apr/2022:18:57:11 +0200] "GET /assets/js/jquery-2.1.0.min.js HTTP/1.1" 304 -
::1 - - [13/Apr/2022:18:57:11 +0200] "GET /assets/js/popper.js HTTP/1.1" 304 -
::1 - - [13/Apr/2022:18:57:11 +0200] "GET /assets/js/bootstrap.min.js HTTP/1.1" 304 -
::1 - - [13/Apr/2022:18:57:11 +0200] "GET /assets/js/scrollreveal.min.js HTTP/1.1" 304 -
::1 - - [13/Apr/2022:18:57:11 +0200] "GET /assets/js/waypoints.min.js HTTP/1.1" 304 -
::1 - - [13/Apr/2022:18:57:11 +0200] "GET /assets/js/jquery.counterup.min.js HTTP/1.1" 304 -
::1 - - [13/Apr/2022:18:57:11 +0200] "GET /assets/js/imgfix.min.js HTTP/1.1" 304 -
::1 - - [13/Apr/2022:18:57:11 +0200] "GET /assets/js/mixitup.js HTTP/1.1" 304 -
::1 - - [13/Apr/2022:18:57:11 +0200] "GET /assets/js/accordions.js HTTP/1.1" 304 -
::1 - - [13/Apr/2022:18:57:11 +0200] "GET /assets/js/custom.js HTTP/1.1" 304 -
::1 - - [13/Apr/2022:18:57:11 +0200] "GET /assets/images/line-dec.png HTTP/1.1" 304 -
::1 - - [13/Apr/2022:18:57:11 +0200] "GET /assets/images/tabs-first-icon.png HTTP/1.1" 304 -
::1 - - [13/Apr/2022:18:57:11 +0200] "GET /assets/images/max_kiskep.jpg HTTP/1.1" 304 -
::1 - - [13/Apr/2022:18:57:11 +0200] "GET /assets/images/fukncionalis-edzes_kiskep.jpg HTTP/1.1" 304 -
::1 - - [13/Apr/2022:18:57:11 +0200] "GET /assets/images/pilates_kiskep.jpg HTTP/1.1" 304 -
::1 - - [13/Apr/2022:18:57:11 +0200] "GET /assets/images/aerobic_kiskep.jpg HTTP/1.1" 304 -
::1 - - [13/Apr/2022:18:57:11 +0200] "GET /assets/images/palzsuzsa.jpg HTTP/1.1" 304 -
::1 - - [13/Apr/2022:18:57:11 +0200] "GET /assets/images/second-trainer.jpg HTTP/1.1" 304 -
::1 - - [13/Apr/2022:18:57:11 +0200] "GET /assets/images/orsai.jpg HTTP/1.1" 304 -
::1 - - [13/Apr/2022:18:57:11 +0200] "GET /assets/images/Fitness.png HTTP/1.1" 304 -
::1 - - [13/Apr/2022:18:57:11 +0200] "GET /assets/images/Vital.png HTTP/1.1" 304 -
::1 - - [13/Apr/2022:18:57:11 +0200] "GET /assets/images/cta-bg.jpg HTTP/1.1" 304 -
::1 - - [13/Apr/2022:18:57:11 +0200] "GET /assets/images/schedule-bg.jpg HTTP/1.1" 304 -
::1 - - [13/Apr/2022:18:57:11 +0200] "GET /assets/images/contact-bg.jpg HTTP/1.1" 304 -
::1 - - [13/Apr/2022:18:58:09 +0200] "GET /index.php HTTP/1.1" 200 21939
::1 - - [13/Apr/2022:18:58:10 +0200] "GET /assets/images/logo.png HTTP/1.1" 304 -
::1 - - [13/Apr/2022:18:59:11 +0200] "GET /index.php HTTP/1.1" 200 22037
::1 - - [13/Apr/2022:18:59:11 +0200] "GET /assets/css/fonts.css HTTP/1.1" 304 -
::1 - - [13/Apr/2022:18:59:11 +0200] "GET /assets/css/templatemo-training-studio.css HTTP/1.1" 304 -
::1 - - [13/Apr/2022:18:59:11 +0200] "GET /assets/js/jquery-2.1.0.min.js HTTP/1.1" 304 -
::1 - - [13/Apr/2022:18:59:11 +0200] "GET /assets/js/popper.js HTTP/1.1" 304 -
::1 - - [13/Apr/2022:18:59:11 +0200] "GET /assets/js/bootstrap.min.js HTTP/1.1" 304 -
::1 - - [13/Apr/2022:18:59:11 +0200] "GET /assets/js/scrollreveal.min.js HTTP/1.1" 304 -
::1 - - [13/Apr/2022:18:59:11 +0200] "GET /assets/js/waypoints.min.js HTTP/1.1" 304 -
::1 - - [13/Apr/2022:18:59:11 +0200] "GET /assets/js/jquery.counterup.min.js HTTP/1.1" 304 -
::1 - - [13/Apr/2022:18:59:11 +0200] "GET /assets/js/imgfix.min.js HTTP/1.1" 304 -
::1 - - [13/Apr/2022:18:59:11 +0200] "GET /assets/js/mixitup.js HTTP/1.1" 304 -
::1 - - [13/Apr/2022:18:59:11 +0200] "GET /assets/js/accordions.js HTTP/1.1" 304 -
::1 - - [13/Apr/2022:18:59:11 +0200] "GET /assets/js/custom.js HTTP/1.1" 304 -
::1 - - [13/Apr/2022:18:59:11 +0200] "GET /assets/images/line-dec.png HTTP/1.1" 304 -
::1 - - [13/Apr/2022:18:59:11 +0200] "GET /assets/images/tabs-first-icon.png HTTP/1.1" 304 -
::1 - - [13/Apr/2022:18:59:12 +0200] "GET /assets/images/max_kiskep.jpg HTTP/1.1" 304 -
::1 - - [13/Apr/2022:18:59:12 +0200] "GET /assets/images/fukncionalis-edzes_kiskep.jpg HTTP/1.1" 304 -
::1 - - [13/Apr/2022:18:59:12 +0200] "GET /assets/images/pilates_kiskep.jpg HTTP/1.1" 304 -
::1 - - [13/Apr/2022:18:59:12 +0200] "GET /assets/images/aerobic_kiskep.jpg HTTP/1.1" 304 -
::1 - - [13/Apr/2022:18:59:12 +0200] "GET /assets/images/palzsuzsa.jpg HTTP/1.1" 304 -
::1 - - [13/Apr/2022:18:59:12 +0200] "GET /assets/images/second-trainer.jpg HTTP/1.1" 304 -
::1 - - [13/Apr/2022:18:59:12 +0200] "GET /assets/images/orsai.jpg HTTP/1.1" 304 -
::1 - - [13/Apr/2022:18:59:12 +0200] "GET /assets/images/contact-bg.jpg HTTP/1.1" 304 -
::1 - - [13/Apr/2022:18:59:12 +0200] "GET /assets/images/Vital.png HTTP/1.1" 304 -
::1 - - [13/Apr/2022:18:59:12 +0200] "GET /assets/images/Fitness.png HTTP/1.1" 304 -
::1 - - [13/Apr/2022:18:59:12 +0200] "GET /assets/images/cta-bg.jpg HTTP/1.1" 304 -
::1 - - [13/Apr/2022:18:59:12 +0200] "GET /assets/images/schedule-bg.jpg HTTP/1.1" 304 -
::1 - - [13/Apr/2022:18:59:12 +0200] "GET /assets/images/logo.png HTTP/1.1" 304 -
::1 - - [13/Apr/2022:18:59:25 +0200] "GET /index.php HTTP/1.1" 200 22010
::1 - - [13/Apr/2022:18:59:35 +0200] "GET /index.php HTTP/1.1" 200 22051
::1 - - [13/Apr/2022:18:59:46 +0200] "GET /assets/js/popper.js.map HTTP/1.1" 404 298
::1 - - [13/Apr/2022:18:59:46 +0200] "GET /assets/js/bootstrap.min.js.map HTTP/1.1" 404 298
::1 - - [13/Apr/2022:19:00:55 +0200] "GET /index.php HTTP/1.1" 200 22051
::1 - - [13/Apr/2022:19:00:55 +0200] "GET /assets/css/fonts.css HTTP/1.1" 304 -
::1 - - [13/Apr/2022:19:00:55 +0200] "GET /assets/css/templatemo-training-studio.css HTTP/1.1" 304 -
::1 - - [13/Apr/2022:19:00:55 +0200] "GET /assets/js/jquery-2.1.0.min.js HTTP/1.1" 304 -
::1 - - [13/Apr/2022:19:00:55 +0200] "GET /assets/js/popper.js HTTP/1.1" 304 -
::1 - - [13/Apr/2022:19:00:55 +0200] "GET /assets/js/bootstrap.min.js HTTP/1.1" 304 -
::1 - - [13/Apr/2022:19:00:55 +0200] "GET /assets/js/scrollreveal.min.js HTTP/1.1" 304 -
::1 - - [13/Apr/2022:19:00:55 +0200] "GET /assets/js/waypoints.min.js HTTP/1.1" 304 -
::1 - - [13/Apr/2022:19:00:55 +0200] "GET /assets/js/jquery.counterup.min.js HTTP/1.1" 304 -
::1 - - [13/Apr/2022:19:00:55 +0200] "GET /assets/js/imgfix.min.js HTTP/1.1" 304 -
::1 - - [13/Apr/2022:19:00:56 +0200] "GET /assets/js/mixitup.js HTTP/1.1" 304 -
::1 - - [13/Apr/2022:19:00:56 +0200] "GET /assets/js/accordions.js HTTP/1.1" 304 -
::1 - - [13/Apr/2022:19:00:56 +0200] "GET /assets/js/custom.js HTTP/1.1" 304 -
::1 - - [13/Apr/2022:19:00:56 +0200] "GET /assets/images/line-dec.png HTTP/1.1" 304 -
::1 - - [13/Apr/2022:19:00:56 +0200] "GET /assets/images/tabs-first-icon.png HTTP/1.1" 304 -
::1 - - [13/Apr/2022:19:00:56 +0200] "GET /assets/images/max_kiskep.jpg HTTP/1.1" 304 -
::1 - - [13/Apr/2022:19:00:56 +0200] "GET /assets/images/fukncionalis-edzes_kiskep.jpg HTTP/1.1" 304 -
::1 - - [13/Apr/2022:19:00:56 +0200] "GET /assets/images/pilates_kiskep.jpg HTTP/1.1" 304 -
::1 - - [13/Apr/2022:19:00:56 +0200] "GET /assets/images/aerobic_kiskep.jpg HTTP/1.1" 304 -
::1 - - [13/Apr/2022:19:00:56 +0200] "GET /assets/images/palzsuzsa.jpg HTTP/1.1" 304 -
::1 - - [13/Apr/2022:19:00:56 +0200] "GET /assets/images/second-trainer.jpg HTTP/1.1" 304 -
::1 - - [13/Apr/2022:19:00:56 +0200] "GET /assets/images/orsai.jpg HTTP/1.1" 304 -
::1 - - [13/Apr/2022:19:00:56 +0200] "GET /assets/images/contact-bg.jpg HTTP/1.1" 304 -
::1 - - [13/Apr/2022:19:00:56 +0200] "GET /assets/images/Vital.png HTTP/1.1" 304 -
::1 - - [13/Apr/2022:19:00:56 +0200] "GET /assets/images/Fitness.png HTTP/1.1" 304 -
::1 - - [13/Apr/2022:19:00:56 +0200] "GET /assets/images/cta-bg.jpg HTTP/1.1" 304 -
::1 - - [13/Apr/2022:19:00:56 +0200] "GET /assets/images/schedule-bg.jpg HTTP/1.1" 304 -
::1 - - [13/Apr/2022:19:00:56 +0200] "GET /assets/images/logo.png HTTP/1.1" 304 -
::1 - - [13/Apr/2022:19:01:09 +0200] "GET /register.php HTTP/1.1" 200 6107
::1 - - [13/Apr/2022:19:01:09 +0200] "GET /assets/css/formStyle.css HTTP/1.1" 304 -
::1 - - [13/Apr/2022:19:01:26 +0200] "GET /register.php HTTP/1.1" 200 6107
::1 - - [13/Apr/2022:19:01:26 +0200] "GET /assets/images/logo.jpg HTTP/1.1" 404 298
::1 - - [13/Apr/2022:19:01:35 +0200] "GET /register.php HTTP/1.1" 200 6107
::1 - - [13/Apr/2022:19:01:41 +0200] "GET /login.php HTTP/1.1" 200 5141
::1 - - [13/Apr/2022:19:01:42 +0200] "GET /index.php HTTP/1.1" 200 22051
::1 - - [13/Apr/2022:19:01:44 +0200] "GET /MAXTraining.php HTTP/1.1" 200 4488
::1 - - [13/Apr/2022:19:01:44 +0200] "GET /assets/images/M.A.X..jpg HTTP/1.1" 200 189895
::1 - - [13/Apr/2022:19:01:47 +0200] "GET /index.php HTTP/1.1" 200 22051
::1 - - [13/Apr/2022:19:01:50 +0200] "GET /assets/images/logo.png HTTP/1.1" 304 -
::1 - - [13/Apr/2022:19:01:53 +0200] "GET /login.php HTTP/1.1" 200 5141
::1 - - [13/Apr/2022:19:01:53 +0200] "GET /assets/images/Fitness.png HTTP/1.1" 304 -
::1 - - [13/Apr/2022:19:01:53 +0200] "GET /assets/images/Vital.png HTTP/1.1" 304 -
::1 - - [13/Apr/2022:19:01:58 +0200] "POST /login.php HTTP/1.1" 302 5141
::1 - - [13/Apr/2022:19:01:58 +0200] "GET /index.php HTTP/1.1" 200 22518
::1 - - [13/Apr/2022:19:02:02 +0200] "GET /profile.php HTTP/1.1" 200 6512
::1 - - [13/Apr/2022:19:02:09 +0200] "GET /admin.php HTTP/1.1" 200 4204
::1 - - [13/Apr/2022:19:02:11 +0200] "GET /profile.php HTTP/1.1" 200 6512
::1 - - [13/Apr/2022:19:03:06 +0200] "GET /profile.php HTTP/1.1" 200 6894
::1 - - [13/Apr/2022:19:03:06 +0200] "GET /assets/css/templatemo-training-studio.css HTTP/1.1" 304 -
::1 - - [13/Apr/2022:19:03:06 +0200] "GET /assets/css/formStyle.css HTTP/1.1" 304 -
::1 - - [13/Apr/2022:19:03:19 +0200] "GET /profile.php HTTP/1.1" 200 7160
::1 - - [13/Apr/2022:19:08:23 +0200] "GET /profile.php HTTP/1.1" 200 7160
::1 - - [13/Apr/2022:19:08:23 +0200] "GET /assets/css/templatemo-training-studio.css HTTP/1.1" 304 -
::1 - - [13/Apr/2022:19:08:23 +0200] "GET /assets/css/formStyle.css HTTP/1.1" 200 3736
::1 - - [13/Apr/2022:19:08:39 +0200] "GET /profile.php HTTP/1.1" 200 6539
::1 - - [13/Apr/2022:19:08:39 +0200] "GET /assets/css/formStyle.css HTTP/1.1" 304 -
::1 - - [13/Apr/2022:19:10:37 +0200] "GET /profile.php HTTP/1.1" 200 6516
::1 - - [13/Apr/2022:19:10:37 +0200] "GET /assets/css/formStyle.css HTTP/1.1" 304 -
::1 - - [13/Apr/2022:19:10:38 +0200] "GET /logout.php HTTP/1.1" 302 4
::1 - - [13/Apr/2022:19:10:38 +0200] "GET /index.php HTTP/1.1" 200 21981
::1 - - [13/Apr/2022:19:10:38 +0200] "GET /assets/css/fonts.css HTTP/1.1" 304 -
::1 - - [13/Apr/2022:19:10:38 +0200] "GET /assets/images/line-dec.png HTTP/1.1" 304 -
::1 - - [13/Apr/2022:19:10:38 +0200] "GET /assets/js/jquery-2.1.0.min.js HTTP/1.1" 304 -
::1 - - [13/Apr/2022:19:10:38 +0200] "GET /assets/js/popper.js HTTP/1.1" 304 -
::1 - - [13/Apr/2022:19:10:38 +0200] "GET /assets/js/bootstrap.min.js HTTP/1.1" 304 -
::1 - - [13/Apr/2022:19:10:38 +0200] "GET /assets/js/scrollreveal.min.js HTTP/1.1" 304 -
::1 - - [13/Apr/2022:19:10:38 +0200] "GET /assets/js/waypoints.min.js HTTP/1.1" 304 -
::1 - - [13/Apr/2022:19:10:38 +0200] "GET /assets/js/jquery.counterup.min.js HTTP/1.1" 304 -
::1 - - [13/Apr/2022:19:10:38 +0200] "GET /assets/js/imgfix.min.js HTTP/1.1" 304 -
::1 - - [13/Apr/2022:19:10:38 +0200] "GET /assets/js/mixitup.js HTTP/1.1" 304 -
::1 - - [13/Apr/2022:19:10:38 +0200] "GET /assets/js/accordions.js HTTP/1.1" 304 -
::1 - - [13/Apr/2022:19:10:38 +0200] "GET /assets/js/custom.js HTTP/1.1" 304 -
::1 - - [13/Apr/2022:19:10:38 +0200] "GET /assets/images/tabs-first-icon.png HTTP/1.1" 304 -
::1 - - [13/Apr/2022:19:10:38 +0200] "GET /assets/images/max_kiskep.jpg HTTP/1.1" 304 -
::1 - - [13/Apr/2022:19:10:38 +0200] "GET /assets/images/fukncionalis-edzes_kiskep.jpg HTTP/1.1" 304 -
::1 - - [13/Apr/2022:19:10:38 +0200] "GET /assets/images/pilates_kiskep.jpg HTTP/1.1" 304 -
::1 - - [13/Apr/2022:19:10:38 +0200] "GET /assets/images/aerobic_kiskep.jpg HTTP/1.1" 304 -
::1 - - [13/Apr/2022:19:10:38 +0200] "GET /assets/images/palzsuzsa.jpg HTTP/1.1" 304 -
::1 - - [13/Apr/2022:19:10:38 +0200] "GET /assets/images/second-trainer.jpg HTTP/1.1" 304 -
::1 - - [13/Apr/2022:19:10:38 +0200] "GET /assets/images/orsai.jpg HTTP/1.1" 304 -
::1 - - [13/Apr/2022:19:10:38 +0200] "GET /assets/images/Fitness.png HTTP/1.1" 304 -
::1 - - [13/Apr/2022:19:10:38 +0200] "GET /assets/images/Vital.png HTTP/1.1" 304 -
::1 - - [13/Apr/2022:19:10:38 +0200] "GET /assets/images/cta-bg.jpg HTTP/1.1" 304 -
::1 - - [13/Apr/2022:19:10:38 +0200] "GET /assets/images/schedule-bg.jpg HTTP/1.1" 304 -
::1 - - [13/Apr/2022:19:10:38 +0200] "GET /assets/images/contact-bg.jpg HTTP/1.1" 304 -
::1 - - [13/Apr/2022:19:10:40 +0200] "GET /login.php HTTP/1.1" 200 5141
::1 - - [13/Apr/2022:19:10:40 +0200] "GET /assets/css/templatemo-training-studio.css HTTP/1.1" 304 -
::1 - - [13/Apr/2022:19:11:01 +0200] "GET /login.php HTTP/1.1" 200 5141
::1 - - [13/Apr/2022:19:11:01 +0200] "GET /assets/css/formStyle.css HTTP/1.1" 200 3726
::1 - - [13/Apr/2022:19:11:17 +0200] "POST /login.php HTTP/1.1" 302 5141
::1 - - [13/Apr/2022:19:11:17 +0200] "GET /index.php HTTP/1.1" 200 22518
::1 - - [13/Apr/2022:19:11:22 +0200] "GET /profile.php HTTP/1.1" 200 6516
::1 - - [13/Apr/2022:19:11:22 +0200] "GET /assets/css/formStyle.css HTTP/1.1" 304 -
::1 - - [13/Apr/2022:19:12:18 +0200] "GET /profile.php HTTP/1.1" 200 6539
::1 - - [13/Apr/2022:19:12:18 +0200] "GET /assets/css/formStyle.css HTTP/1.1" 304 -
::1 - - [13/Apr/2022:19:12:21 +0200] "GET /profile.php HTTP/1.1" 200 6539
::1 - - [13/Apr/2022:19:12:21 +0200] "GET /assets/css/templatemo-training-studio.css HTTP/1.1" 200 25479
::1 - - [13/Apr/2022:19:12:21 +0200] "GET /assets/css/formStyle.css HTTP/1.1" 200 3726
::1 - - [13/Apr/2022:19:12:21 +0200] "GET /assets/images/logo.jpg HTTP/1.1" 404 298
::1 - - [13/Apr/2022:19:13:00 +0200] "GET /profile.php HTTP/1.1" 200 6568
::1 - - [13/Apr/2022:19:13:00 +0200] "GET /assets/css/formStyle.css HTTP/1.1" 304 -
::1 - - [13/Apr/2022:19:13:32 +0200] "GET /logout.php HTTP/1.1" 302 4
::1 - - [13/Apr/2022:19:13:32 +0200] "GET /index.php HTTP/1.1" 200 21981
::1 - - [13/Apr/2022:19:13:32 +0200] "GET /assets/css/fonts.css HTTP/1.1" 304 -
::1 - - [13/Apr/2022:19:13:32 +0200] "GET /assets/js/jquery-2.1.0.min.js HTTP/1.1" 304 -
::1 - - [13/Apr/2022:19:13:32 +0200] "GET /assets/js/popper.js HTTP/1.1" 304 -
::1 - - [13/Apr/2022:19:13:32 +0200] "GET /assets/js/bootstrap.min.js HTTP/1.1" 304 -
::1 - - [13/Apr/2022:19:13:32 +0200] "GET /assets/js/scrollreveal.min.js HTTP/1.1" 304 -
::1 - - [13/Apr/2022:19:13:32 +0200] "GET /assets/js/waypoints.min.js HTTP/1.1" 304 -
::1 - - [13/Apr/2022:19:13:32 +0200] "GET /assets/js/jquery.counterup.min.js HTTP/1.1" 304 -
::1 - - [13/Apr/2022:19:13:32 +0200] "GET /assets/js/imgfix.min.js HTTP/1.1" 304 -
::1 - - [13/Apr/2022:19:13:32 +0200] "GET /assets/js/mixitup.js HTTP/1.1" 304 -
::1 - - [13/Apr/2022:19:13:32 +0200] "GET /assets/js/accordions.js HTTP/1.1" 304 -
::1 - - [13/Apr/2022:19:13:32 +0200] "GET /assets/js/custom.js HTTP/1.1" 304 -
::1 - - [13/Apr/2022:19:13:32 +0200] "GET /assets/images/line-dec.png HTTP/1.1" 304 -
::1 - - [13/Apr/2022:19:13:32 +0200] "GET /assets/images/tabs-first-icon.png HTTP/1.1" 304 -
::1 - - [13/Apr/2022:19:13:32 +0200] "GET /assets/images/max_kiskep.jpg HTTP/1.1" 304 -
::1 - - [13/Apr/2022:19:13:32 +0200] "GET /assets/images/fukncionalis-edzes_kiskep.jpg HTTP/1.1" 304 -
::1 - - [13/Apr/2022:19:13:32 +0200] "GET /assets/images/pilates_kiskep.jpg HTTP/1.1" 304 -
::1 - - [13/Apr/2022:19:13:32 +0200] "GET /assets/images/aerobic_kiskep.jpg HTTP/1.1" 304 -
::1 - - [13/Apr/2022:19:13:32 +0200] "GET /assets/images/palzsuzsa.jpg HTTP/1.1" 304 -
::1 - - [13/Apr/2022:19:13:32 +0200] "GET /assets/images/second-trainer.jpg HTTP/1.1" 304 -
::1 - - [13/Apr/2022:19:13:32 +0200] "GET /assets/images/orsai.jpg HTTP/1.1" 304 -
::1 - - [13/Apr/2022:19:13:32 +0200] "GET /assets/images/Fitness.png HTTP/1.1" 304 -
::1 - - [13/Apr/2022:19:13:32 +0200] "GET /assets/images/Vital.png HTTP/1.1" 304 -
::1 - - [13/Apr/2022:19:13:32 +0200] "GET /assets/images/cta-bg.jpg HTTP/1.1" 304 -
::1 - - [13/Apr/2022:19:13:32 +0200] "GET /assets/images/schedule-bg.jpg HTTP/1.1" 304 -
::1 - - [13/Apr/2022:19:13:33 +0200] "GET /assets/images/contact-bg.jpg HTTP/1.1" 304 -
::1 - - [13/Apr/2022:19:13:34 +0200] "GET /login.php HTTP/1.1" 200 5141
::1 - - [13/Apr/2022:19:13:34 +0200] "GET /assets/css/formStyle.css HTTP/1.1" 304 -
::1 - - [13/Apr/2022:19:13:39 +0200] "POST /login.php HTTP/1.1" 302 5141
::1 - - [13/Apr/2022:19:13:39 +0200] "GET /index.php HTTP/1.1" 200 22518
::1 - - [13/Apr/2022:19:13:41 +0200] "GET /profile.php HTTP/1.1" 200 6568
::1 - - [13/Apr/2022:19:14:17 +0200] "GET /profile.php HTTP/1.1" 200 6594
::1 - - [13/Apr/2022:19:14:17 +0200] "GET /assets/css/formStyle.css HTTP/1.1" 304 -
::1 - - [13/Apr/2022:19:14:49 +0200] "GET /profile.php HTTP/1.1" 200 7200
::1 - - [13/Apr/2022:19:14:49 +0200] "GET /assets/css/formStyle.css HTTP/1.1" 304 -
::1 - - [13/Apr/2022:19:15:27 +0200] "GET /profile.php HTTP/1.1" 200 7224
::1 - - [13/Apr/2022:19:15:28 +0200] "GET /assets/css/templatemo-training-studio.css HTTP/1.1" 304 -
::1 - - [13/Apr/2022:19:15:28 +0200] "GET /assets/css/formStyle.css HTTP/1.1" 304 -
::1 - - [13/Apr/2022:19:15:44 +0200] "GET /profile.php HTTP/1.1" 200 7248
::1 - - [13/Apr/2022:19:16:03 +0200] "GET /profile.php HTTP/1.1" 200 7221
::1 - - [13/Apr/2022:19:16:03 +0200] "GET /assets/css/formStyle.css HTTP/1.1" 304 -
::1 - - [13/Apr/2022:19:16:20 +0200] "GET /profile.php HTTP/1.1" 200 7245
::1 - - [13/Apr/2022:19:16:43 +0200] "GET /profile.php HTTP/1.1" 200 7182
::1 - - [13/Apr/2022:19:16:43 +0200] "GET /assets/css/formStyle.css HTTP/1.1" 304 -
::1 - - [13/Apr/2022:19:17:04 +0200] "GET /profile.php HTTP/1.1" 200 6570
::1 - - [13/Apr/2022:19:17:26 +0200] "GET /profile.php HTTP/1.1" 200 7720
::1 - - [13/Apr/2022:19:17:26 +0200] "GET /assets/css/formStyle.css HTTP/1.1" 304 -
::1 - - [13/Apr/2022:19:17:26 +0200] "GET /assets/js/jquery-2.1.0.min.js HTTP/1.1" 304 -
::1 - - [13/Apr/2022:19:17:26 +0200] "GET /assets/js/popper.js HTTP/1.1" 304 -
::1 - - [13/Apr/2022:19:17:26 +0200] "GET /assets/js/bootstrap.min.js HTTP/1.1" 304 -
::1 - - [13/Apr/2022:19:17:26 +0200] "GET /assets/js/scrollreveal.min.js HTTP/1.1" 304 -
::1 - - [13/Apr/2022:19:17:26 +0200] "GET /assets/js/waypoints.min.js HTTP/1.1" 304 -
::1 - - [13/Apr/2022:19:17:26 +0200] "GET /assets/js/jquery.counterup.min.js HTTP/1.1" 304 -
::1 - - [13/Apr/2022:19:17:26 +0200] "GET /assets/js/imgfix.min.js HTTP/1.1" 304 -
::1 - - [13/Apr/2022:19:17:26 +0200] "GET /assets/js/mixitup.js HTTP/1.1" 304 -
::1 - - [13/Apr/2022:19:17:26 +0200] "GET /assets/js/accordions.js HTTP/1.1" 304 -
::1 - - [13/Apr/2022:19:17:26 +0200] "GET /assets/js/custom.js HTTP/1.1" 304 -
::1 - - [13/Apr/2022:19:17:26 +0200] "GET /assets/images/Fitness.png HTTP/1.1" 304 -
::1 - - [13/Apr/2022:19:17:26 +0200] "GET /assets/images/Vital.png HTTP/1.1" 304 -
::1 - - [13/Apr/2022:19:17:26 +0200] "GET /assets/js/popper.js.map HTTP/1.1" 404 298
::1 - - [13/Apr/2022:19:17:26 +0200] "GET /assets/js/bootstrap.min.js.map HTTP/1.1" 404 298
::1 - - [13/Apr/2022:19:17:38 +0200] "GET /profile.php HTTP/1.1" 200 6572
::1 - - [13/Apr/2022:19:17:51 +0200] "GET /profile.php HTTP/1.1" 200 7739
::1 - - [13/Apr/2022:19:17:51 +0200] "GET /assets/js/popper.js.map HTTP/1.1" 404 298
::1 - - [13/Apr/2022:19:17:52 +0200] "GET /assets/js/bootstrap.min.js.map HTTP/1.1" 404 298
::1 - - [13/Apr/2022:19:18:05 +0200] "GET /profile.php HTTP/1.1" 200 6570
::1 - - [13/Apr/2022:19:18:05 +0200] "GET /assets/css/formStyle.css HTTP/1.1" 304 -
::1 - - [13/Apr/2022:19:18:46 +0200] "GET /profile.php HTTP/1.1" 200 6896
::1 - - [13/Apr/2022:19:18:46 +0200] "GET /assets/css/templatemo-training-studio.css HTTP/1.1" 304 -
::1 - - [13/Apr/2022:19:19:21 +0200] "GET /profile.php HTTP/1.1" 200 6880
::1 - - [13/Apr/2022:19:19:21 +0200] "GET /assets/css/formStyle.css HTTP/1.1" 304 -
::1 - - [13/Apr/2022:19:20:33 +0200] "GET /profile.php HTTP/1.1" 200 6912
::1 - - [13/Apr/2022:19:20:33 +0200] "GET /assets/css/formStyle.css HTTP/1.1" 304 -
::1 - - [13/Apr/2022:19:21:00 +0200] "GET /profile.php HTTP/1.1" 200 6963
::1 - - [13/Apr/2022:19:21:35 +0200] "GET /profile.php HTTP/1.1" 200 7143
::1 - - [13/Apr/2022:19:21:35 +0200] "GET /assets/css/formStyle.css HTTP/1.1" 304 -
::1 - - [13/Apr/2022:19:21:45 +0200] "GET /profile.php HTTP/1.1" 200 7587
::1 - - [13/Apr/2022:19:21:54 +0200] "GET /profile.php HTTP/1.1" 200 7075
::1 - - [13/Apr/2022:19:22:22 +0200] "GET /profile.php HTTP/1.1" 200 7085
::1 - - [13/Apr/2022:19:22:22 +0200] "GET /assets/css/templatemo-training-studio.css HTTP/1.1" 304 -
::1 - - [13/Apr/2022:19:25:15 +0200] "GET /profile.php HTTP/1.1" 200 7278
::1 - - [13/Apr/2022:19:25:15 +0200] "GET /assets/css/formStyle.css HTTP/1.1" 304 -
::1 - - [13/Apr/2022:19:25:36 +0200] "GET /profile.php HTTP/1.1" 200 7159
::1 - - [13/Apr/2022:19:26:17 +0200] "GET /profile.php HTTP/1.1" 200 7159
::1 - - [13/Apr/2022:19:26:17 +0200] "GET /assets/css/templatemo-training-studio.css HTTP/1.1" 304 -
::1 - - [13/Apr/2022:19:26:19 +0200] "POST /profile.php HTTP/1.1" 200 7127
::1 - - [13/Apr/2022:19:27:09 +0200] "POST /profile.php HTTP/1.1" 200 7158
::1 - - [13/Apr/2022:19:27:09 +0200] "GET /assets/css/formStyle.css HTTP/1.1" 304 -
::1 - - [13/Apr/2022:19:27:54 +0200] "POST /profile.php HTTP/1.1" 200 7178
::1 - - [13/Apr/2022:19:28:44 +0200] "POST /profile.php HTTP/1.1" 200 7181
::1 - - [13/Apr/2022:19:28:47 +0200] "POST /profile.php HTTP/1.1" 200 7307
::1 - - [13/Apr/2022:19:28:47 +0200] "GET /assets/css/formStyle.css HTTP/1.1" 304 -
::1 - - [13/Apr/2022:19:28:51 +0200] "POST /profile.php HTTP/1.1" 200 7307
::1 - - [13/Apr/2022:19:29:31 +0200] "POST /profile.php HTTP/1.1" 200 7557
::1 - - [13/Apr/2022:19:30:53 +0200] "POST /profile.php HTTP/1.1" 200 7279
::1 - - [13/Apr/2022:19:30:53 +0200] "GET /assets/css/templatemo-training-studio.css HTTP/1.1" 304 -
::1 - - [13/Apr/2022:19:30:53 +0200] "GET /assets/css/formStyle.css HTTP/1.1" 304 -
::1 - - [13/Apr/2022:19:31:02 +0200] "POST /profile.php HTTP/1.1" 200 7286
::1 - - [13/Apr/2022:19:31:30 +0200] "POST /profile.php HTTP/1.1" 200 7325
::1 - - [13/Apr/2022:19:31:42 +0200] "POST /profile.php HTTP/1.1" 200 7334
::1 - - [13/Apr/2022:19:31:50 +0200] "POST /profile.php HTTP/1.1" 200 7334
::1 - - [13/Apr/2022:19:31:58 +0200] "POST /profile.php HTTP/1.1" 200 7324
::1 - - [13/Apr/2022:19:32:14 +0200] "POST /profile.php HTTP/1.1" 200 7338
::1 - - [13/Apr/2022:19:32:38 +0200] "POST /profile.php HTTP/1.1" 200 7332
::1 - - [13/Apr/2022:19:33:16 +0200] "POST /profile.php HTTP/1.1" 200 7362
::1 - - [13/Apr/2022:19:33:16 +0200] "GET /assets/css/formStyle.css HTTP/1.1" 304 -
::1 - - [13/Apr/2022:19:33:21 +0200] "POST /profile.php HTTP/1.1" 200 7363
::1 - - [13/Apr/2022:19:33:37 +0200] "POST /profile.php HTTP/1.1" 200 7359
::1 - - [13/Apr/2022:19:34:09 +0200] "POST /profile.php HTTP/1.1" 200 7445
::1 - - [13/Apr/2022:19:34:27 +0200] "POST /profile.php HTTP/1.1" 200 7491
::1 - - [13/Apr/2022:19:34:38 +0200] "GET /index.php HTTP/1.1" 200 22518
::1 - - [13/Apr/2022:19:34:38 +0200] "GET /assets/css/fonts.css HTTP/1.1" 304 -
::1 - - [13/Apr/2022:19:34:38 +0200] "GET /assets/js/jquery-2.1.0.min.js HTTP/1.1" 304 -
::1 - - [13/Apr/2022:19:34:38 +0200] "GET /assets/js/popper.js HTTP/1.1" 304 -
::1 - - [13/Apr/2022:19:34:38 +0200] "GET /assets/js/bootstrap.min.js HTTP/1.1" 304 -
::1 - - [13/Apr/2022:19:34:38 +0200] "GET /assets/js/scrollreveal.min.js HTTP/1.1" 304 -
::1 - - [13/Apr/2022:19:34:38 +0200] "GET /assets/js/waypoints.min.js HTTP/1.1" 304 -
::1 - - [13/Apr/2022:19:34:38 +0200] "GET /assets/js/jquery.counterup.min.js HTTP/1.1" 304 -
::1 - - [13/Apr/2022:19:34:38 +0200] "GET /assets/js/imgfix.min.js HTTP/1.1" 304 -
::1 - - [13/Apr/2022:19:34:38 +0200] "GET /assets/js/mixitup.js HTTP/1.1" 304 -
::1 - - [13/Apr/2022:19:34:38 +0200] "GET /assets/js/accordions.js HTTP/1.1" 304 -
::1 - - [13/Apr/2022:19:34:38 +0200] "GET /assets/js/custom.js HTTP/1.1" 304 -
::1 - - [13/Apr/2022:19:34:38 +0200] "GET /assets/images/line-dec.png HTTP/1.1" 304 -
::1 - - [13/Apr/2022:19:34:38 +0200] "GET /assets/images/tabs-first-icon.png HTTP/1.1" 304 -
::1 - - [13/Apr/2022:19:34:38 +0200] "GET /assets/images/max_kiskep.jpg HTTP/1.1" 304 -
::1 - - [13/Apr/2022:19:34:38 +0200] "GET /assets/images/fukncionalis-edzes_kiskep.jpg HTTP/1.1" 304 -
::1 - - [13/Apr/2022:19:34:38 +0200] "GET /assets/images/pilates_kiskep.jpg HTTP/1.1" 304 -
::1 - - [13/Apr/2022:19:34:38 +0200] "GET /assets/images/aerobic_kiskep.jpg HTTP/1.1" 304 -
::1 - - [13/Apr/2022:19:34:38 +0200] "GET /assets/images/palzsuzsa.jpg HTTP/1.1" 304 -
::1 - - [13/Apr/2022:19:34:38 +0200] "GET /assets/images/second-trainer.jpg HTTP/1.1" 304 -
::1 - - [13/Apr/2022:19:34:38 +0200] "GET /assets/images/orsai.jpg HTTP/1.1" 304 -
::1 - - [13/Apr/2022:19:34:38 +0200] "GET /assets/images/Fitness.png HTTP/1.1" 304 -
::1 - - [13/Apr/2022:19:34:38 +0200] "GET /assets/images/Vital.png HTTP/1.1" 304 -
::1 - - [13/Apr/2022:19:34:38 +0200] "GET /assets/images/cta-bg.jpg HTTP/1.1" 304 -
::1 - - [13/Apr/2022:19:34:38 +0200] "GET /assets/images/schedule-bg.jpg HTTP/1.1" 304 -
::1 - - [13/Apr/2022:19:34:38 +0200] "GET /assets/images/contact-bg.jpg HTTP/1.1" 304 -
::1 - - [13/Apr/2022:19:35:40 +0200] "GET /profile.php HTTP/1.1" 200 7365
::1 - - [13/Apr/2022:19:35:41 +0200] "GET /assets/css/templatemo-training-studio.css HTTP/1.1" 304 -
::1 - - [13/Apr/2022:19:35:41 +0200] "GET /assets/css/formStyle.css HTTP/1.1" 304 -
::1 - - [13/Apr/2022:19:35:41 +0200] "GET /index.php HTTP/1.1" 200 22518
::1 - - [13/Apr/2022:20:41:44 +0200] "GET /logout.php HTTP/1.1" 302 4
::1 - - [13/Apr/2022:20:41:44 +0200] "GET /index.php HTTP/1.1" 200 21981
::1 - - [13/Apr/2022:20:41:44 +0200] "GET /assets/css/fonts.css HTTP/1.1" 304 -
::1 - - [13/Apr/2022:20:41:44 +0200] "GET /assets/css/templatemo-training-studio.css HTTP/1.1" 304 -
::1 - - [13/Apr/2022:20:41:44 +0200] "GET /assets/js/jquery-2.1.0.min.js HTTP/1.1" 304 -
::1 - - [13/Apr/2022:20:41:44 +0200] "GET /assets/js/popper.js HTTP/1.1" 304 -
::1 - - [13/Apr/2022:20:41:44 +0200] "GET /assets/js/bootstrap.min.js HTTP/1.1" 304 -
::1 - - [13/Apr/2022:20:41:44 +0200] "GET /assets/js/scrollreveal.min.js HTTP/1.1" 304 -
::1 - - [13/Apr/2022:20:41:44 +0200] "GET /assets/js/waypoints.min.js HTTP/1.1" 304 -
::1 - - [13/Apr/2022:20:41:44 +0200] "GET /assets/js/jquery.counterup.min.js HTTP/1.1" 304 -
::1 - - [13/Apr/2022:20:41:44 +0200] "GET /assets/js/imgfix.min.js HTTP/1.1" 304 -
::1 - - [13/Apr/2022:20:41:45 +0200] "GET /assets/js/mixitup.js HTTP/1.1" 304 -
::1 - - [13/Apr/2022:20:41:45 +0200] "GET /assets/js/accordions.js HTTP/1.1" 304 -
::1 - - [13/Apr/2022:20:41:45 +0200] "GET /assets/js/custom.js HTTP/1.1" 304 -
::1 - - [13/Apr/2022:20:41:45 +0200] "GET /assets/images/line-dec.png HTTP/1.1" 304 -
::1 - - [13/Apr/2022:20:41:45 +0200] "GET /assets/images/tabs-first-icon.png HTTP/1.1" 304 -
::1 - - [13/Apr/2022:20:41:45 +0200] "GET /assets/images/max_kiskep.jpg HTTP/1.1" 304 -
::1 - - [13/Apr/2022:20:41:45 +0200] "GET /assets/images/fukncionalis-edzes_kiskep.jpg HTTP/1.1" 304 -
::1 - - [13/Apr/2022:20:41:45 +0200] "GET /assets/images/pilates_kiskep.jpg HTTP/1.1" 304 -
::1 - - [13/Apr/2022:20:41:45 +0200] "GET /assets/images/aerobic_kiskep.jpg HTTP/1.1" 304 -
::1 - - [13/Apr/2022:20:41:45 +0200] "GET /assets/images/palzsuzsa.jpg HTTP/1.1" 304 -
::1 - - [13/Apr/2022:20:41:45 +0200] "GET /assets/images/second-trainer.jpg HTTP/1.1" 304 -
::1 - - [13/Apr/2022:20:41:45 +0200] "GET /assets/images/orsai.jpg HTTP/1.1" 304 -
::1 - - [13/Apr/2022:20:41:45 +0200] "GET /assets/images/Fitness.png HTTP/1.1" 304 -
::1 - - [13/Apr/2022:20:41:45 +0200] "GET /assets/images/Vital.png HTTP/1.1" 304 -
::1 - - [13/Apr/2022:20:41:45 +0200] "GET /assets/images/cta-bg.jpg HTTP/1.1" 304 -
::1 - - [13/Apr/2022:20:41:45 +0200] "GET /assets/images/schedule-bg.jpg HTTP/1.1" 304 -
::1 - - [13/Apr/2022:20:41:45 +0200] "GET /assets/images/contact-bg.jpg HTTP/1.1" 304 -
::1 - - [13/Apr/2022:20:52:40 +0200] "GET /index.php HTTP/1.1" 200 21981
::1 - - [13/Apr/2022:20:52:51 +0200] "GET /index.php HTTP/1.1" 200 21981
::1 - - [13/Apr/2022:20:52:51 +0200] "GET /assets/images/Fitness.png HTTP/1.1" 304 -
::1 - - [13/Apr/2022:20:52:51 +0200] "GET /assets/images/Vital.png HTTP/1.1" 304 -
::1 - - [13/Apr/2022:20:53:04 +0200] "GET /index.php HTTP/1.1" 200 21981
::1 - - [13/Apr/2022:20:53:05 +0200] "GET /login.php HTTP/1.1" 200 5141
::1 - - [13/Apr/2022:20:53:05 +0200] "GET /assets/css/formStyle.css HTTP/1.1" 304 -
::1 - - [13/Apr/2022:20:53:05 +0200] "GET /assets/images/logo.jpg HTTP/1.1" 404 298
::1 - - [13/Apr/2022:20:53:14 +0200] "POST /login.php HTTP/1.1" 302 5141
::1 - - [13/Apr/2022:20:53:14 +0200] "GET /index.php HTTP/1.1" 200 22518
::1 - - [13/Apr/2022:20:53:27 +0200] "GET /profile.php HTTP/1.1" 200 7365
::1 - - [13/Apr/2022:20:53:28 +0200] "GET /assets/css/templatemo-training-studio.css HTTP/1.1" 304 -
::1 - - [13/Apr/2022:20:53:39 +0200] "POST /profile.php HTTP/1.1" 200 7337
::1 - - [13/Apr/2022:23:27:04 +0200] "GET / HTTP/1.1" 200 22518
::1 - - [13/Apr/2022:23:27:04 +0200] "GET /assets/css/fonts.css HTTP/1.1" 304 -
::1 - - [13/Apr/2022:23:27:04 +0200] "GET /assets/css/templatemo-training-studio.css HTTP/1.1" 304 -
::1 - - [13/Apr/2022:23:27:04 +0200] "GET /assets/js/jquery-2.1.0.min.js HTTP/1.1" 304 -
::1 - - [13/Apr/2022:23:27:04 +0200] "GET /assets/js/popper.js HTTP/1.1" 304 -
::1 - - [13/Apr/2022:23:27:04 +0200] "GET /assets/js/scrollreveal.min.js HTTP/1.1" 304 -
::1 - - [13/Apr/2022:23:27:04 +0200] "GET /assets/js/bootstrap.min.js HTTP/1.1" 304 -
::1 - - [13/Apr/2022:23:27:04 +0200] "GET /assets/js/waypoints.min.js HTTP/1.1" 304 -
::1 - - [13/Apr/2022:23:27:04 +0200] "GET /assets/js/jquery.counterup.min.js HTTP/1.1" 304 -
::1 - - [13/Apr/2022:23:27:04 +0200] "GET /assets/js/imgfix.min.js HTTP/1.1" 304 -
::1 - - [13/Apr/2022:23:27:04 +0200] "GET /assets/js/mixitup.js HTTP/1.1" 304 -
::1 - - [13/Apr/2022:23:27:04 +0200] "GET /assets/js/custom.js HTTP/1.1" 304 -
::1 - - [13/Apr/2022:23:27:04 +0200] "GET /assets/images/line-dec.png HTTP/1.1" 304 -
::1 - - [13/Apr/2022:23:27:04 +0200] "GET /assets/images/tabs-first-icon.png HTTP/1.1" 304 -
::1 - - [13/Apr/2022:23:27:04 +0200] "GET /assets/js/accordions.js HTTP/1.1" 304 -
::1 - - [13/Apr/2022:23:27:04 +0200] "GET /assets/images/max_kiskep.jpg HTTP/1.1" 304 -
::1 - - [13/Apr/2022:23:27:05 +0200] "GET /assets/images/fukncionalis-edzes_kiskep.jpg HTTP/1.1" 304 -
::1 - - [13/Apr/2022:23:27:05 +0200] "GET /assets/images/pilates_kiskep.jpg HTTP/1.1" 304 -
::1 - - [13/Apr/2022:23:27:05 +0200] "GET /assets/images/aerobic_kiskep.jpg HTTP/1.1" 304 -
::1 - - [13/Apr/2022:23:27:05 +0200] "GET /assets/images/palzsuzsa.jpg HTTP/1.1" 304 -
::1 - - [13/Apr/2022:23:27:05 +0200] "GET /assets/images/second-trainer.jpg HTTP/1.1" 304 -
::1 - - [13/Apr/2022:23:27:05 +0200] "GET /assets/images/orsai.jpg HTTP/1.1" 304 -
::1 - - [13/Apr/2022:23:27:05 +0200] "GET /assets/images/Fitness.png HTTP/1.1" 304 -
::1 - - [13/Apr/2022:23:27:05 +0200] "GET /assets/images/Vital.png HTTP/1.1" 304 -
::1 - - [13/Apr/2022:23:27:05 +0200] "GET /assets/images/cta-bg.jpg HTTP/1.1" 304 -
::1 - - [13/Apr/2022:23:27:05 +0200] "GET /assets/images/schedule-bg.jpg HTTP/1.1" 304 -
::1 - - [13/Apr/2022:23:27:05 +0200] "GET /assets/images/contact-bg.jpg HTTP/1.1" 304 -
::1 - - [13/Apr/2022:23:27:05 +0200] "GET /assets/images/logo.png HTTP/1.1" 304 -
::1 - - [13/Apr/2022:23:27:08 +0200] "GET /logout.php HTTP/1.1" 302 4
::1 - - [13/Apr/2022:23:27:08 +0200] "GET /index.php HTTP/1.1" 200 21981
::1 - - [13/Apr/2022:23:27:28 +0200] "GET /MAXTraining.php HTTP/1.1" 200 4488
::1 - - [13/Apr/2022:23:27:28 +0200] "GET /assets/css/formStyle.css HTTP/1.1" 304 -
::1 - - [13/Apr/2022:23:27:28 +0200] "GET /assets/images/M.A.X..jpg HTTP/1.1" 200 189895
::1 - - [13/Apr/2022:23:27:28 +0200] "GET /assets/images/logo.jpg HTTP/1.1" 404 298
::1 - - [13/Apr/2022:23:27:35 +0200] "GET /index.php HTTP/1.1" 200 21981
::1 - - [13/Apr/2022:23:27:37 +0200] "GET /pilates.php HTTP/1.1" 200 4469
::1 - - [13/Apr/2022:23:27:37 +0200] "GET /index.php HTTP/1.1" 200 21981
::1 - - [13/Apr/2022:23:27:39 +0200] "GET /aerobic.php HTTP/1.1" 200 4469
::1 - - [13/Apr/2022:23:27:40 +0200] "GET /index.php HTTP/1.1" 200 21981
::1 - - [13/Apr/2022:23:27:41 +0200] "GET /aerobic.php HTTP/1.1" 200 4469
::1 - - [13/Apr/2022:23:27:43 +0200] "GET /index.php HTTP/1.1" 200 21981
::1 - - [13/Apr/2022:23:28:08 +0200] "GET / HTTP/1.1" 200 21981
::1 - - [13/Apr/2022:23:28:08 +0200] "GET /assets/css/fonts.css HTTP/1.1" 304 -
::1 - - [13/Apr/2022:23:28:08 +0200] "GET /assets/css/templatemo-training-studio.css HTTP/1.1" 304 -
::1 - - [13/Apr/2022:23:28:08 +0200] "GET /assets/js/jquery-2.1.0.min.js HTTP/1.1" 304 -
::1 - - [13/Apr/2022:23:28:08 +0200] "GET /assets/js/popper.js HTTP/1.1" 304 -
::1 - - [13/Apr/2022:23:28:08 +0200] "GET /assets/js/bootstrap.min.js HTTP/1.1" 304 -
::1 - - [13/Apr/2022:23:28:08 +0200] "GET /assets/js/scrollreveal.min.js HTTP/1.1" 304 -
::1 - - [13/Apr/2022:23:28:08 +0200] "GET /assets/js/waypoints.min.js HTTP/1.1" 304 -
::1 - - [13/Apr/2022:23:28:08 +0200] "GET /assets/js/jquery.counterup.min.js HTTP/1.1" 304 -
::1 - - [13/Apr/2022:23:28:08 +0200] "GET /assets/js/imgfix.min.js HTTP/1.1" 304 -
::1 - - [13/Apr/2022:23:28:08 +0200] "GET /assets/js/mixitup.js HTTP/1.1" 304 -
::1 - - [13/Apr/2022:23:28:08 +0200] "GET /assets/js/custom.js HTTP/1.1" 304 -
::1 - - [13/Apr/2022:23:28:08 +0200] "GET /assets/js/accordions.js HTTP/1.1" 304 -
::1 - - [13/Apr/2022:23:28:08 +0200] "GET /assets/images/line-dec.png HTTP/1.1" 304 -
::1 - - [13/Apr/2022:23:28:08 +0200] "GET /assets/images/tabs-first-icon.png HTTP/1.1" 304 -
::1 - - [13/Apr/2022:23:28:08 +0200] "GET /assets/images/max_kiskep.jpg HTTP/1.1" 304 -
::1 - - [13/Apr/2022:23:28:08 +0200] "GET /assets/images/fukncionalis-edzes_kiskep.jpg HTTP/1.1" 304 -
::1 - - [13/Apr/2022:23:28:08 +0200] "GET /assets/images/pilates_kiskep.jpg HTTP/1.1" 304 -
::1 - - [13/Apr/2022:23:28:08 +0200] "GET /assets/images/aerobic_kiskep.jpg HTTP/1.1" 304 -
::1 - - [13/Apr/2022:23:28:08 +0200] "GET /assets/images/palzsuzsa.jpg HTTP/1.1" 304 -
::1 - - [13/Apr/2022:23:28:08 +0200] "GET /assets/images/second-trainer.jpg HTTP/1.1" 304 -
::1 - - [13/Apr/2022:23:28:08 +0200] "GET /assets/images/orsai.jpg HTTP/1.1" 304 -
::1 - - [13/Apr/2022:23:28:08 +0200] "GET /assets/images/Fitness.png HTTP/1.1" 200 4854
::1 - - [13/Apr/2022:23:28:08 +0200] "GET /assets/images/Vital.png HTTP/1.1" 200 5090
::1 - - [13/Apr/2022:23:28:08 +0200] "GET /assets/images/boxos.mp4 HTTP/1.1" 304 -
::1 - - [13/Apr/2022:23:28:08 +0200] "GET /assets/images/schedule-bg.jpg HTTP/1.1" 304 -
::1 - - [13/Apr/2022:23:28:08 +0200] "GET /assets/images/cta-bg.jpg HTTP/1.1" 304 -
::1 - - [13/Apr/2022:23:28:08 +0200] "GET /assets/images/contact-bg.jpg HTTP/1.1" 304 -
::1 - - [13/Apr/2022:23:28:09 +0200] "GET /assets/images/logo.png HTTP/1.1" 200 16481
::1 - - [13/Apr/2022:23:28:20 +0200] "GET /login.php HTTP/1.1" 200 5141
::1 - - [13/Apr/2022:23:28:20 +0200] "GET /assets/css/formStyle.css HTTP/1.1" 200 3726
::1 - - [13/Apr/2022:23:28:21 +0200] "GET /index.php HTTP/1.1" 200 21981
::1 - - [13/Apr/2022:23:28:23 +0200] "GET /register.php HTTP/1.1" 200 6107
::1 - - [13/Apr/2022:23:28:38 +0200] "POST /register.php HTTP/1.1" 302 6119
::1 - - [13/Apr/2022:23:28:38 +0200] "GET /index.php HTTP/1.1" 200 22050
::1 - - [13/Apr/2022:23:31:44 +0200] "GET /index.php HTTP/1.1" 200 22050
::1 - - [13/Apr/2022:23:31:51 +0200] "GET /login.php HTTP/1.1" 200 5141
::1 - - [13/Apr/2022:23:31:54 +0200] "POST /login.php HTTP/1.1" 302 5141
::1 - - [13/Apr/2022:23:31:54 +0200] "GET /index.php HTTP/1.1" 200 22518
::1 - - [13/Apr/2022:23:31:55 +0200] "GET /logout.php HTTP/1.1" 302 4
::1 - - [13/Apr/2022:23:31:55 +0200] "GET /index.php HTTP/1.1" 200 21981
::1 - - [13/Apr/2022:23:31:58 +0200] "GET /register.php HTTP/1.1" 200 6107
::1 - - [13/Apr/2022:23:32:07 +0200] "POST /register.php HTTP/1.1" 302 6119
::1 - - [13/Apr/2022:23:32:07 +0200] "GET /index.php HTTP/1.1" 200 21981
::1 - - [13/Apr/2022:23:32:12 +0200] "GET /login.php HTTP/1.1" 200 5141
::1 - - [13/Apr/2022:23:32:17 +0200] "POST /login.php HTTP/1.1" 302 5141
::1 - - [13/Apr/2022:23:32:17 +0200] "GET /index.php HTTP/1.1" 200 22375
::1 - - [13/Apr/2022:23:32:24 +0200] "GET /profile.php HTTP/1.1" 200 7066
::1 - - [13/Apr/2022:23:32:40 +0200] "GET /profileEdit.php HTTP/1.1" 200 4860
::1 - - [13/Apr/2022:23:32:55 +0200] "POST /profileEdit.php HTTP/1.1" 302 4865
::1 - - [13/Apr/2022:23:32:55 +0200] "GET /profile.php HTTP/1.1" 200 7063
::1 - - [13/Apr/2022:23:33:11 +0200] "POST /profile.php HTTP/1.1" 200 7037
::1 - - [13/Apr/2022:23:33:23 +0200] "POST /profile.php HTTP/1.1" 200 7008
::1 - - [13/Apr/2022:23:33:28 +0200] "POST /profile.php HTTP/1.1" 200 6979
::1 - - [13/Apr/2022:23:33:40 +0200] "GET /logout.php HTTP/1.1" 302 4
::1 - - [13/Apr/2022:23:33:40 +0200] "GET /index.php HTTP/1.1" 200 21981
::1 - - [13/Apr/2022:23:33:42 +0200] "GET /login.php HTTP/1.1" 200 5141
::1 - - [13/Apr/2022:23:33:45 +0200] "POST /login.php HTTP/1.1" 302 5141
::1 - - [13/Apr/2022:23:33:45 +0200] "GET /index.php HTTP/1.1" 200 22518
::1 - - [13/Apr/2022:23:33:47 +0200] "GET /profile.php HTTP/1.1" 200 6794
::1 - - [13/Apr/2022:23:33:56 +0200] "POST /profile.php HTTP/1.1" 200 6764
::1 - - [13/Apr/2022:23:34:00 +0200] "GET /logout.php HTTP/1.1" 302 4
::1 - - [13/Apr/2022:23:34:00 +0200] "GET /index.php HTTP/1.1" 200 21981
::1 - - [13/Apr/2022:23:34:01 +0200] "GET /login.php HTTP/1.1" 200 5141
::1 - - [13/Apr/2022:23:34:05 +0200] "POST /login.php HTTP/1.1" 302 5141
::1 - - [13/Apr/2022:23:34:05 +0200] "GET /index.php HTTP/1.1" 200 22373
::1 - - [13/Apr/2022:23:34:06 +0200] "GET /profile.php HTTP/1.1" 200 6780
::1 - - [13/Apr/2022:23:34:13 +0200] "GET /logout.php HTTP/1.1" 302 4
::1 - - [13/Apr/2022:23:34:13 +0200] "GET /index.php HTTP/1.1" 200 21981
::1 - - [13/Apr/2022:23:34:14 +0200] "GET /login.php HTTP/1.1" 200 5141
::1 - - [13/Apr/2022:23:34:17 +0200] "POST /login.php HTTP/1.1" 302 5141
::1 - - [13/Apr/2022:23:34:17 +0200] "GET /index.php HTTP/1.1" 200 22518
::1 - - [13/Apr/2022:23:34:21 +0200] "GET /admin.php HTTP/1.1" 200 6386
::1 - - [13/Apr/2022:23:34:42 +0200] "GET /index.php HTTP/1.1" 200 22518
::1 - - [13/Apr/2022:23:34:48 +0200] "GET /logout.php HTTP/1.1" 302 4
::1 - - [13/Apr/2022:23:34:48 +0200] "GET /index.php HTTP/1.1" 200 21981
::1 - - [13/Apr/2022:23:37:31 +0200] "GET /login.php HTTP/1.1" 200 5141
::1 - - [13/Apr/2022:23:37:43 +0200] "POST /login.php HTTP/1.1" 302 5141
::1 - - [13/Apr/2022:23:37:43 +0200] "GET /index.php HTTP/1.1" 200 22518
::1 - - [13/Apr/2022:23:37:59 +0200] "GET /admin.php HTTP/1.1" 200 6386
::1 - - [13/Apr/2022:23:38:00 +0200] "GET /profile.php HTTP/1.1" 200 6764
::1 - - [13/Apr/2022:23:38:21 +0200] "GET /profileEdit.php HTTP/1.1" 200 5021
::1 - - [13/Apr/2022:23:38:23 +0200] "POST /profileEdit.php HTTP/1.1" 302 5030
::1 - - [13/Apr/2022:23:38:23 +0200] "GET /profile.php HTTP/1.1" 200 6765
::1 - - [13/Apr/2022:23:38:26 +0200] "GET /profileEdit.php HTTP/1.1" 200 5022
::1 - - [13/Apr/2022:23:38:29 +0200] "POST /profileEdit.php HTTP/1.1" 302 5029
::1 - - [13/Apr/2022:23:38:29 +0200] "GET /profile.php HTTP/1.1" 200 6764
::1 - - [13/Apr/2022:23:39:42 +0200] "GET /index.php HTTP/1.1" 200 22518
::1 - - [13/Apr/2022:23:40:00 +0200] "GET /MAXTraining.php HTTP/1.1" 200 4488
::1 - - [13/Apr/2022:23:40:00 +0200] "GET /assets/images/M.A.X..jpg HTTP/1.1" 200 189895
::1 - - [13/Apr/2022:23:40:09 +0200] "GET /index.php HTTP/1.1" 200 22518
::1 - - [13/Apr/2022:23:40:19 +0200] "GET /profile.php HTTP/1.1" 200 6764
::1 - - [13/Apr/2022:23:45:19 +0200] "-" 408 -
::1 - - [14/Apr/2022:00:04:43 +0200] "GET /index.php HTTP/1.1" 200 22518
::1 - - [14/Apr/2022:00:04:43 +0200] "GET /assets/css/fonts.css HTTP/1.1" 304 -
::1 - - [14/Apr/2022:00:04:43 +0200] "GET /assets/css/templatemo-training-studio.css HTTP/1.1" 304 -
::1 - - [14/Apr/2022:00:04:43 +0200] "GET /assets/js/jquery-2.1.0.min.js HTTP/1.1" 304 -
::1 - - [14/Apr/2022:00:04:43 +0200] "GET /assets/js/popper.js HTTP/1.1" 304 -
::1 - - [14/Apr/2022:00:04:43 +0200] "GET /assets/js/scrollreveal.min.js HTTP/1.1" 304 -
::1 - - [14/Apr/2022:00:04:43 +0200] "GET /assets/js/bootstrap.min.js HTTP/1.1" 304 -
::1 - - [14/Apr/2022:00:04:43 +0200] "GET /assets/js/waypoints.min.js HTTP/1.1" 304 -
::1 - - [14/Apr/2022:00:04:43 +0200] "GET /assets/js/jquery.counterup.min.js HTTP/1.1" 304 -
::1 - - [14/Apr/2022:00:04:43 +0200] "GET /assets/js/imgfix.min.js HTTP/1.1" 304 -
::1 - - [14/Apr/2022:00:04:43 +0200] "GET /assets/js/mixitup.js HTTP/1.1" 304 -
::1 - - [14/Apr/2022:00:04:43 +0200] "GET /assets/js/accordions.js HTTP/1.1" 304 -
::1 - - [14/Apr/2022:00:04:43 +0200] "GET /assets/js/custom.js HTTP/1.1" 304 -
::1 - - [14/Apr/2022:00:04:43 +0200] "GET /assets/images/line-dec.png HTTP/1.1" 304 -
::1 - - [14/Apr/2022:00:04:43 +0200] "GET /assets/images/tabs-first-icon.png HTTP/1.1" 304 -
::1 - - [14/Apr/2022:00:04:43 +0200] "GET /assets/images/max_kiskep.jpg HTTP/1.1" 304 -
::1 - - [14/Apr/2022:00:04:43 +0200] "GET /assets/images/fukncionalis-edzes_kiskep.jpg HTTP/1.1" 304 -
::1 - - [14/Apr/2022:00:04:43 +0200] "GET /assets/images/pilates_kiskep.jpg HTTP/1.1" 304 -
::1 - - [14/Apr/2022:00:04:43 +0200] "GET /assets/images/palzsuzsa.jpg HTTP/1.1" 304 -
::1 - - [14/Apr/2022:00:04:43 +0200] "GET /assets/images/aerobic_kiskep.jpg HTTP/1.1" 304 -
::1 - - [14/Apr/2022:00:04:43 +0200] "GET /assets/images/second-trainer.jpg HTTP/1.1" 304 -
::1 - - [14/Apr/2022:00:04:43 +0200] "GET /assets/images/orsai.jpg HTTP/1.1" 304 -
::1 - - [14/Apr/2022:00:04:43 +0200] "GET /assets/images/Fitness.png HTTP/1.1" 304 -
::1 - - [14/Apr/2022:00:04:43 +0200] "GET /assets/images/Vital.png HTTP/1.1" 304 -
::1 - - [14/Apr/2022:00:04:43 +0200] "GET /assets/images/boxos.mp4 HTTP/1.1" 304 -
::1 - - [14/Apr/2022:00:04:43 +0200] "GET /assets/images/cta-bg.jpg HTTP/1.1" 304 -
::1 - - [14/Apr/2022:00:04:43 +0200] "GET /assets/images/schedule-bg.jpg HTTP/1.1" 304 -
::1 - - [14/Apr/2022:00:04:43 +0200] "GET /assets/images/contact-bg.jpg HTTP/1.1" 304 -
::1 - - [14/Apr/2022:00:04:47 +0200] "GET /logout.php HTTP/1.1" 302 4
::1 - - [14/Apr/2022:00:04:47 +0200] "GET /index.php HTTP/1.1" 200 21981
::1 - - [14/Apr/2022:00:09:43 +0200] "-" 408 -
